{"total": {"lines":{"total":4631,"covered":2788,"skipped":0,"pct":60.2},"statements":{"total":4631,"covered":2788,"skipped":0,"pct":60.2},"functions":{"total":103,"covered":48,"skipped":0,"pct":46.6},"branches":{"total":147,"covered":94,"skipped":0,"pct":63.94},"branchesTrue":{"total":0,"covered":0,"skipped":0,"pct":100}}
,"/Users/coreyolson/Code/VS Code/AI Feedback Bridge/esbuild.js": {"lines":{"total":88,"covered":82,"skipped":0,"pct":93.18},"functions":{"total":2,"covered":2,"skipped":0,"pct":100},"statements":{"total":88,"covered":82,"skipped":0,"pct":93.18},"branches":{"total":6,"covered":5,"skipped":0,"pct":83.33}}
,"/Users/coreyolson/Code/VS Code/AI Feedback Bridge/eslint.config.mjs": {"lines":{"total":28,"covered":28,"skipped":0,"pct":100},"functions":{"total":0,"covered":0,"skipped":0,"pct":100},"statements":{"total":28,"covered":28,"skipped":0,"pct":100},"branches":{"total":1,"covered":1,"skipped":0,"pct":100}}
,"/Users/coreyolson/Code/VS Code/AI Feedback Bridge/src/extension.ts": {"lines":{"total":495,"covered":259,"skipped":0,"pct":52.32},"functions":{"total":14,"covered":10,"skipped":0,"pct":71.42},"statements":{"total":495,"covered":259,"skipped":0,"pct":52.32},"branches":{"total":29,"covered":17,"skipped":0,"pct":58.62}}
,"/Users/coreyolson/Code/VS Code/AI Feedback Bridge/src/modules/aiQueue.ts": {"lines":{"total":291,"covered":150,"skipped":0,"pct":51.54},"functions":{"total":8,"covered":0,"skipped":0,"pct":0},"statements":{"total":291,"covered":150,"skipped":0,"pct":51.54},"branches":{"total":0,"covered":0,"skipped":0,"pct":100}}
,"/Users/coreyolson/Code/VS Code/AI Feedback Bridge/src/modules/autoApproval.ts": {"lines":{"total":47,"covered":17,"skipped":0,"pct":36.17},"functions":{"total":5,"covered":1,"skipped":0,"pct":20},"statements":{"total":47,"covered":17,"skipped":0,"pct":36.17},"branches":{"total":1,"covered":1,"skipped":0,"pct":100}}
,"/Users/coreyolson/Code/VS Code/AI Feedback Bridge/src/modules/autoContinue.ts": {"lines":{"total":363,"covered":341,"skipped":0,"pct":93.93},"functions":{"total":6,"covered":6,"skipped":0,"pct":100},"statements":{"total":363,"covered":341,"skipped":0,"pct":93.93},"branches":{"total":27,"covered":19,"skipped":0,"pct":70.37}}
,"/Users/coreyolson/Code/VS Code/AI Feedback Bridge/src/modules/chatIntegration.ts": {"lines":{"total":303,"covered":224,"skipped":0,"pct":73.92},"functions":{"total":7,"covered":5,"skipped":0,"pct":71.42},"statements":{"total":303,"covered":224,"skipped":0,"pct":73.92},"branches":{"total":12,"covered":7,"skipped":0,"pct":58.33}}
,"/Users/coreyolson/Code/VS Code/AI Feedback Bridge/src/modules/commands.ts": {"lines":{"total":376,"covered":239,"skipped":0,"pct":63.56},"functions":{"total":1,"covered":1,"skipped":0,"pct":100},"statements":{"total":376,"covered":239,"skipped":0,"pct":63.56},"branches":{"total":6,"covered":3,"skipped":0,"pct":50}}
,"/Users/coreyolson/Code/VS Code/AI Feedback Bridge/src/modules/guidingDocuments.ts": {"lines":{"total":279,"covered":69,"skipped":0,"pct":24.73},"functions":{"total":9,"covered":2,"skipped":0,"pct":22.22},"statements":{"total":279,"covered":69,"skipped":0,"pct":24.73},"branches":{"total":3,"covered":2,"skipped":0,"pct":66.66}}
,"/Users/coreyolson/Code/VS Code/AI Feedback Bridge/src/modules/logging.ts": {"lines":{"total":46,"covered":39,"skipped":0,"pct":84.78},"functions":{"total":4,"covered":3,"skipped":0,"pct":75},"statements":{"total":46,"covered":39,"skipped":0,"pct":84.78},"branches":{"total":7,"covered":5,"skipped":0,"pct":71.42}}
,"/Users/coreyolson/Code/VS Code/AI Feedback Bridge/src/modules/portManager.ts": {"lines":{"total":201,"covered":191,"skipped":0,"pct":95.02},"functions":{"total":5,"covered":5,"skipped":0,"pct":100},"statements":{"total":201,"covered":191,"skipped":0,"pct":95.02},"branches":{"total":17,"covered":12,"skipped":0,"pct":70.58}}
,"/Users/coreyolson/Code/VS Code/AI Feedback Bridge/src/modules/server.ts": {"lines":{"total":802,"covered":243,"skipped":0,"pct":30.29},"functions":{"total":20,"covered":5,"skipped":0,"pct":25},"statements":{"total":802,"covered":243,"skipped":0,"pct":30.29},"branches":{"total":8,"covered":7,"skipped":0,"pct":87.5}}
,"/Users/coreyolson/Code/VS Code/AI Feedback Bridge/src/modules/settingsPanel.ts": {"lines":{"total":899,"covered":572,"skipped":0,"pct":63.62},"functions":{"total":13,"covered":4,"skipped":0,"pct":30.76},"statements":{"total":899,"covered":572,"skipped":0,"pct":63.62},"branches":{"total":17,"covered":5,"skipped":0,"pct":29.41}}
,"/Users/coreyolson/Code/VS Code/AI Feedback Bridge/src/modules/statusBar.ts": {"lines":{"total":108,"covered":106,"skipped":0,"pct":98.14},"functions":{"total":2,"covered":2,"skipped":0,"pct":100},"statements":{"total":108,"covered":106,"skipped":0,"pct":98.14},"branches":{"total":9,"covered":8,"skipped":0,"pct":88.88}}
,"/Users/coreyolson/Code/VS Code/AI Feedback Bridge/src/modules/taskManager.ts": {"lines":{"total":255,"covered":178,"skipped":0,"pct":69.8},"functions":{"total":6,"covered":1,"skipped":0,"pct":16.66},"statements":{"total":255,"covered":178,"skipped":0,"pct":69.8},"branches":{"total":3,"covered":1,"skipped":0,"pct":33.33}}
,"/Users/coreyolson/Code/VS Code/AI Feedback Bridge/src/modules/types.ts": {"lines":{"total":50,"covered":50,"skipped":0,"pct":100},"functions":{"total":1,"covered":1,"skipped":0,"pct":100},"statements":{"total":50,"covered":50,"skipped":0,"pct":100},"branches":{"total":1,"covered":1,"skipped":0,"pct":100}}
}
