{"total": {"lines":{"total":4630,"covered":2566,"skipped":0,"pct":55.42},"statements":{"total":4630,"covered":2566,"skipped":0,"pct":55.42},"functions":{"total":103,"covered":39,"skipped":0,"pct":37.86},"branches":{"total":99,"covered":60,"skipped":0,"pct":60.6},"branchesTrue":{"total":0,"covered":0,"skipped":0,"pct":100}}
,"/Users/coreyolson/Code/VS Code/AI Feedback Bridge/esbuild.js": {"lines":{"total":87,"covered":81,"skipped":0,"pct":93.1},"functions":{"total":2,"covered":2,"skipped":0,"pct":100},"statements":{"total":87,"covered":81,"skipped":0,"pct":93.1},"branches":{"total":6,"covered":5,"skipped":0,"pct":83.33}}
,"/Users/coreyolson/Code/VS Code/AI Feedback Bridge/eslint.config.mjs": {"lines":{"total":28,"covered":28,"skipped":0,"pct":100},"functions":{"total":0,"covered":0,"skipped":0,"pct":100},"statements":{"total":28,"covered":28,"skipped":0,"pct":100},"branches":{"total":1,"covered":1,"skipped":0,"pct":100}}
,"/Users/coreyolson/Code/VS Code/AI Feedback Bridge/src/extension.ts": {"lines":{"total":495,"covered":226,"skipped":0,"pct":45.65},"functions":{"total":14,"covered":9,"skipped":0,"pct":64.28},"statements":{"total":495,"covered":226,"skipped":0,"pct":45.65},"branches":{"total":22,"covered":12,"skipped":0,"pct":54.54}}
,"/Users/coreyolson/Code/VS Code/AI Feedback Bridge/src/modules/aiQueue.ts": {"lines":{"total":291,"covered":150,"skipped":0,"pct":51.54},"functions":{"total":8,"covered":0,"skipped":0,"pct":0},"statements":{"total":291,"covered":150,"skipped":0,"pct":51.54},"branches":{"total":0,"covered":0,"skipped":0,"pct":100}}
,"/Users/coreyolson/Code/VS Code/AI Feedback Bridge/src/modules/autoApproval.ts": {"lines":{"total":47,"covered":17,"skipped":0,"pct":36.17},"functions":{"total":5,"covered":1,"skipped":0,"pct":20},"statements":{"total":47,"covered":17,"skipped":0,"pct":36.17},"branches":{"total":1,"covered":1,"skipped":0,"pct":100}}
,"/Users/coreyolson/Code/VS Code/AI Feedback Bridge/src/modules/autoContinue.ts": {"lines":{"total":363,"covered":205,"skipped":0,"pct":56.47},"functions":{"total":6,"covered":1,"skipped":0,"pct":16.66},"statements":{"total":363,"covered":205,"skipped":0,"pct":56.47},"branches":{"total":2,"covered":1,"skipped":0,"pct":50}}
,"/Users/coreyolson/Code/VS Code/AI Feedback Bridge/src/modules/chatIntegration.ts": {"lines":{"total":303,"covered":183,"skipped":0,"pct":60.39},"functions":{"total":7,"covered":3,"skipped":0,"pct":42.85},"statements":{"total":303,"covered":183,"skipped":0,"pct":60.39},"branches":{"total":3,"covered":3,"skipped":0,"pct":100}}
,"/Users/coreyolson/Code/VS Code/AI Feedback Bridge/src/modules/commands.ts": {"lines":{"total":376,"covered":239,"skipped":0,"pct":63.56},"functions":{"total":1,"covered":1,"skipped":0,"pct":100},"statements":{"total":376,"covered":239,"skipped":0,"pct":63.56},"branches":{"total":6,"covered":3,"skipped":0,"pct":50}}
,"/Users/coreyolson/Code/VS Code/AI Feedback Bridge/src/modules/guidingDocuments.ts": {"lines":{"total":279,"covered":63,"skipped":0,"pct":22.58},"functions":{"total":9,"covered":1,"skipped":0,"pct":11.11},"statements":{"total":279,"covered":63,"skipped":0,"pct":22.58},"branches":{"total":1,"covered":1,"skipped":0,"pct":100}}
,"/Users/coreyolson/Code/VS Code/AI Feedback Bridge/src/modules/logging.ts": {"lines":{"total":46,"covered":39,"skipped":0,"pct":84.78},"functions":{"total":4,"covered":3,"skipped":0,"pct":75},"statements":{"total":46,"covered":39,"skipped":0,"pct":84.78},"branches":{"total":7,"covered":5,"skipped":0,"pct":71.42}}
,"/Users/coreyolson/Code/VS Code/AI Feedback Bridge/src/modules/portManager.ts": {"lines":{"total":201,"covered":191,"skipped":0,"pct":95.02},"functions":{"total":5,"covered":5,"skipped":0,"pct":100},"statements":{"total":201,"covered":191,"skipped":0,"pct":95.02},"branches":{"total":17,"covered":12,"skipped":0,"pct":70.58}}
,"/Users/coreyolson/Code/VS Code/AI Feedback Bridge/src/modules/server.ts": {"lines":{"total":802,"covered":243,"skipped":0,"pct":30.29},"functions":{"total":20,"covered":5,"skipped":0,"pct":25},"statements":{"total":802,"covered":243,"skipped":0,"pct":30.29},"branches":{"total":8,"covered":7,"skipped":0,"pct":87.5}}
,"/Users/coreyolson/Code/VS Code/AI Feedback Bridge/src/modules/settingsPanel.ts": {"lines":{"total":899,"covered":572,"skipped":0,"pct":63.62},"functions":{"total":13,"covered":4,"skipped":0,"pct":30.76},"statements":{"total":899,"covered":572,"skipped":0,"pct":63.62},"branches":{"total":17,"covered":5,"skipped":0,"pct":29.41}}
,"/Users/coreyolson/Code/VS Code/AI Feedback Bridge/src/modules/statusBar.ts": {"lines":{"total":108,"covered":101,"skipped":0,"pct":93.51},"functions":{"total":2,"covered":2,"skipped":0,"pct":100},"statements":{"total":108,"covered":101,"skipped":0,"pct":93.51},"branches":{"total":4,"covered":2,"skipped":0,"pct":50}}
,"/Users/coreyolson/Code/VS Code/AI Feedback Bridge/src/modules/taskManager.ts": {"lines":{"total":255,"covered":178,"skipped":0,"pct":69.8},"functions":{"total":6,"covered":1,"skipped":0,"pct":16.66},"statements":{"total":255,"covered":178,"skipped":0,"pct":69.8},"branches":{"total":3,"covered":1,"skipped":0,"pct":33.33}}
,"/Users/coreyolson/Code/VS Code/AI Feedback Bridge/src/modules/types.ts": {"lines":{"total":50,"covered":50,"skipped":0,"pct":100},"functions":{"total":1,"covered":1,"skipped":0,"pct":100},"statements":{"total":50,"covered":50,"skipped":0,"pct":100},"branches":{"total":1,"covered":1,"skipped":0,"pct":100}}
}
