TN:
SF:esbuild.js
FN:12,setup
FN:26,main
FNF:2
FNH:2
FNDA:4,setup
FNDA:2,main
DA:1,2
DA:2,2
DA:3,2
DA:4,2
DA:5,2
DA:6,2
DA:7,2
DA:8,2
DA:9,2
DA:10,2
DA:11,2
DA:12,2
DA:13,4
DA:14,4
DA:15,4
DA:16,4
DA:17,4
DA:18,0
DA:19,0
DA:20,4
DA:21,4
DA:22,4
DA:23,2
DA:24,2
DA:25,2
DA:26,2
DA:27,2
DA:28,2
DA:29,2
DA:30,2
DA:31,2
DA:32,2
DA:33,2
DA:34,2
DA:35,2
DA:36,2
DA:37,2
DA:38,2
DA:39,2
DA:40,2
DA:41,2
DA:42,2
DA:43,2
DA:44,2
DA:45,2
DA:46,2
DA:47,2
DA:48,2
DA:49,2
DA:50,2
DA:51,2
DA:52,2
DA:53,2
DA:54,2
DA:55,2
DA:56,2
DA:57,2
DA:58,2
DA:59,2
DA:60,2
DA:61,2
DA:62,2
DA:63,2
DA:64,2
DA:65,2
DA:66,2
DA:67,2
DA:68,2
DA:69,2
DA:70,2
DA:71,2
DA:72,2
DA:73,2
DA:74,2
DA:75,2
DA:76,2
DA:77,2
DA:78,2
DA:79,2
DA:80,2
DA:81,0
DA:82,0
DA:83,2
DA:84,2
DA:85,2
DA:86,2
DA:87,2
DA:88,2
DA:89,2
DA:90,2
DA:91,2
DA:92,0
DA:93,0
DA:94,2
LF:94
LH:88
BRDA:1,0,0,2
BRDA:12,1,0,4
BRDA:13,2,0,4
BRDA:16,3,0,4
BRDA:26,4,0,2
BRDA:80,5,0,0
BRF:6
BRH:5
end_of_record
TN:
SF:eslint.config.mjs
FNF:0
FNH:0
DA:1,4
DA:2,4
DA:3,4
DA:4,4
DA:5,4
DA:6,4
DA:7,4
DA:8,4
DA:9,4
DA:10,4
DA:11,4
DA:12,4
DA:13,4
DA:14,4
DA:15,4
DA:16,4
DA:17,4
DA:18,4
DA:19,4
DA:20,4
DA:21,4
DA:22,4
DA:23,4
DA:24,4
DA:25,4
DA:26,4
DA:27,4
DA:28,4
LF:28
LH:28
BRDA:1,0,0,4
BRF:1
BRH:1
end_of_record
TN:
SF:src/extension.ts
FN:1,activate
FN:1,deactivate
FN:30,getConfig
FN:38,updateConfig
FN:52,activate
FN:186,startFeedbackServer
FN:193,startCountdownUpdates
FN:231,stopCountdownUpdates
FN:241,initializeAutoApproval
FN:279,enableAutoApproval
FN:317,disableAutoApproval
FN:331,injectAutoApprovalScript
FN:355,getAutoApprovalInstructionsHtml
FN:472,deactivate
FNF:14
FNH:10
FNDA:2,activate
FNDA:2,deactivate
FNDA:64,getConfig
FNDA:5,updateConfig
FNDA:1,activate
FNDA:1,startFeedbackServer
FNDA:6,startCountdownUpdates
FNDA:7,stopCountdownUpdates
FNDA:1,initializeAutoApproval
FNDA:0,enableAutoApproval
FNDA:0,disableAutoApproval
FNDA:0,injectAutoApprovalScript
FNDA:0,getAutoApprovalInstructionsHtml
FNDA:1,deactivate
DA:1,2
DA:2,1
DA:3,1
DA:4,1
DA:5,1
DA:6,1
DA:7,1
DA:8,1
DA:9,1
DA:10,1
DA:11,1
DA:12,1
DA:13,1
DA:14,1
DA:15,1
DA:16,1
DA:17,1
DA:18,1
DA:19,1
DA:20,1
DA:21,1
DA:22,1
DA:23,1
DA:24,1
DA:25,1
DA:26,1
DA:27,1
DA:28,1
DA:29,1
DA:30,64
DA:31,64
DA:32,64
DA:33,64
DA:34,1
DA:35,1
DA:36,1
DA:37,1
DA:38,5
DA:39,5
DA:40,5
DA:41,5
DA:42,0
DA:43,5
DA:44,5
DA:45,5
DA:46,5
DA:47,5
DA:48,5
DA:49,5
DA:50,5
DA:51,1
DA:52,1
DA:53,1
DA:54,1
DA:55,1
DA:56,1
DA:57,1
DA:58,1
DA:59,1
DA:60,1
DA:61,1
DA:62,1
DA:63,1
DA:64,1
DA:65,1
DA:66,1
DA:67,1
DA:68,1
DA:69,1
DA:70,1
DA:71,1
DA:72,1
DA:73,1
DA:74,1
DA:75,1
DA:76,1
DA:77,1
DA:78,1
DA:79,1
DA:80,1
DA:81,1
DA:82,1
DA:83,1
DA:84,1
DA:85,1
DA:86,1
DA:87,1
DA:88,1
DA:89,1
DA:90,1
DA:91,1
DA:92,1
DA:93,1
DA:94,1
DA:95,1
DA:96,1
DA:97,1
DA:98,1
DA:99,1
DA:100,1
DA:101,1
DA:102,1
DA:103,1
DA:104,1
DA:105,1
DA:106,1
DA:107,1
DA:108,1
DA:109,1
DA:110,1
DA:111,1
DA:112,1
DA:113,1
DA:114,1
DA:115,1
DA:116,1
DA:117,1
DA:118,1
DA:119,1
DA:120,1
DA:121,1
DA:122,1
DA:123,1
DA:124,1
DA:125,1
DA:126,1
DA:127,0
DA:128,0
DA:129,1
DA:130,1
DA:131,1
DA:132,1
DA:133,1
DA:134,1
DA:135,1
DA:136,1
DA:137,1
DA:138,1
DA:139,22
DA:140,21
DA:141,21
DA:142,21
DA:143,21
DA:144,21
DA:145,42
DA:146,21
DA:147,21
DA:148,21
DA:149,21
DA:150,21
DA:151,0
DA:152,0
DA:153,0
DA:154,0
DA:155,0
DA:156,0
DA:157,21
DA:158,21
DA:159,21
DA:160,21
DA:161,21
DA:162,7
DA:163,7
DA:164,7
DA:165,7
DA:166,7
DA:167,3
DA:168,7
DA:169,4
DA:170,4
DA:171,7
DA:172,21
DA:173,1
DA:174,1
DA:175,1
DA:176,1
DA:177,1
DA:178,1
DA:179,1
DA:180,1
DA:181,1
DA:182,1
DA:183,1
DA:184,1
DA:185,1
DA:186,1
DA:187,1
DA:188,1
DA:189,1
DA:190,1
DA:191,1
DA:192,1
DA:193,6
DA:194,6
DA:195,6
DA:196,3
DA:197,3
DA:198,6
DA:199,6
DA:200,6
DA:201,3
DA:202,3
DA:203,3
DA:204,3
DA:205,3
DA:206,0
DA:207,0
DA:208,0
DA:209,0
DA:210,0
DA:211,0
DA:212,0
DA:213,0
DA:214,3
DA:215,3
DA:216,3
DA:217,3
DA:218,3
DA:219,3
DA:220,0
DA:221,0
DA:222,3
DA:223,0
DA:224,0
DA:225,6
DA:226,6
DA:227,1
DA:228,1
DA:229,1
DA:230,1
DA:231,7
DA:232,7
DA:233,3
DA:234,3
DA:235,3
DA:236,7
DA:237,1
DA:238,1
DA:239,1
DA:240,1
DA:241,1
DA:242,1
DA:243,1
DA:244,1
DA:245,1
DA:246,1
DA:247,1
DA:248,1
DA:249,1
DA:250,1
DA:251,0
DA:252,0
DA:253,0
DA:254,0
DA:255,0
DA:256,0
DA:257,0
DA:258,0
DA:259,0
DA:260,0
DA:261,0
DA:262,0
DA:263,0
DA:264,0
DA:265,0
DA:266,0
DA:267,0
DA:268,0
DA:269,1
DA:270,1
DA:271,1
DA:272,1
DA:273,1
DA:274,1
DA:275,1
DA:276,1
DA:277,1
DA:278,1
DA:279,0
DA:280,0
DA:281,0
DA:282,0
DA:283,0
DA:284,0
DA:285,0
DA:286,0
DA:287,0
DA:288,0
DA:289,0
DA:290,0
DA:291,0
DA:292,0
DA:293,0
DA:294,0
DA:295,0
DA:296,0
DA:297,0
DA:298,0
DA:299,0
DA:300,0
DA:301,0
DA:302,0
DA:303,0
DA:304,0
DA:305,0
DA:306,0
DA:307,0
DA:308,0
DA:309,0
DA:310,0
DA:311,0
DA:312,0
DA:313,1
DA:314,1
DA:315,1
DA:316,1
DA:317,0
DA:318,0
DA:319,0
DA:320,0
DA:321,0
DA:322,0
DA:323,0
DA:324,0
DA:325,0
DA:326,0
DA:327,1
DA:328,1
DA:329,1
DA:330,1
DA:331,0
DA:332,0
DA:333,0
DA:334,0
DA:335,0
DA:336,0
DA:337,0
DA:338,0
DA:339,0
DA:340,0
DA:341,0
DA:342,0
DA:343,0
DA:344,0
DA:345,0
DA:346,0
DA:347,0
DA:348,0
DA:349,0
DA:350,0
DA:351,1
DA:352,1
DA:353,1
DA:354,1
DA:355,0
DA:356,0
DA:357,0
DA:358,0
DA:359,0
DA:360,0
DA:361,0
DA:362,0
DA:363,0
DA:364,0
DA:365,0
DA:366,0
DA:367,0
DA:368,0
DA:369,0
DA:370,0
DA:371,0
DA:372,0
DA:373,0
DA:374,0
DA:375,0
DA:376,0
DA:377,0
DA:378,0
DA:379,0
DA:380,0
DA:381,0
DA:382,0
DA:383,0
DA:384,0
DA:385,0
DA:386,0
DA:387,0
DA:388,0
DA:389,0
DA:390,0
DA:391,0
DA:392,0
DA:393,0
DA:394,0
DA:395,0
DA:396,0
DA:397,0
DA:398,0
DA:399,0
DA:400,0
DA:401,0
DA:402,0
DA:403,0
DA:404,0
DA:405,0
DA:406,0
DA:407,0
DA:408,0
DA:409,0
DA:410,0
DA:411,0
DA:412,0
DA:413,0
DA:414,0
DA:415,0
DA:416,0
DA:417,0
DA:418,0
DA:419,0
DA:420,0
DA:421,0
DA:422,0
DA:423,0
DA:424,0
DA:425,0
DA:426,0
DA:427,0
DA:428,0
DA:429,0
DA:430,0
DA:431,0
DA:432,0
DA:433,0
DA:434,0
DA:435,0
DA:436,0
DA:437,0
DA:438,0
DA:439,0
DA:440,0
DA:441,0
DA:442,0
DA:443,0
DA:444,0
DA:445,0
DA:446,0
DA:447,0
DA:448,0
DA:449,0
DA:450,0
DA:451,0
DA:452,0
DA:453,0
DA:454,0
DA:455,0
DA:456,0
DA:457,0
DA:458,0
DA:459,0
DA:460,0
DA:461,0
DA:462,0
DA:463,0
DA:464,0
DA:465,0
DA:466,0
DA:467,0
DA:468,0
DA:469,0
DA:470,1
DA:471,1
DA:472,1
DA:473,1
DA:474,1
DA:475,1
DA:476,1
DA:477,1
DA:478,1
DA:479,1
DA:480,1
DA:481,1
DA:482,0
DA:483,0
DA:484,0
DA:485,0
DA:486,1
DA:487,1
DA:488,1
DA:489,1
DA:490,1
DA:491,1
DA:492,1
DA:493,1
DA:494,1
DA:495,1
DA:496,0
DA:497,0
DA:498,0
DA:499,0
LF:499
LH:273
BRDA:1,0,0,2
BRDA:1,1,0,2
BRDA:30,2,0,64
BRDA:38,3,0,5
BRDA:41,4,0,0
BRDA:47,5,0,0
BRDA:52,6,0,1
BRDA:88,7,0,0
BRDA:126,8,0,0
BRDA:138,9,0,22
BRDA:139,10,0,21
BRDA:150,11,0,0
BRDA:161,12,0,7
BRDA:166,13,0,3
BRDA:168,14,0,4
BRDA:144,15,0,42
BRDA:186,16,0,1
BRDA:193,17,0,6
BRDA:195,18,0,3
BRDA:200,19,0,3
BRDA:205,20,0,0
BRDA:219,21,0,0
BRDA:222,22,0,0
BRDA:231,23,0,7
BRDA:232,24,0,3
BRDA:241,25,0,1
BRDA:250,26,0,0
BRDA:472,27,0,1
BRDA:481,28,0,0
BRDA:495,29,0,0
BRF:30
BRH:19
end_of_record
TN:
SF:src/modules/aiQueue.ts
FN:50,enqueueInstruction
FN:84,getQueue
FN:105,removeInstruction
FN:119,clearProcessed
FN:143,processNextInstruction
FN:245,getQueueStats
FN:266,sortQueueByPriority
FN:291,generateId
FN:96,getInstruction
FN:132,clearQueue
FN:202,processAllInstructions
FN:227,setAutoProcess
FNF:12
FNH:12
FNDA:90,enqueueInstruction
FNDA:48,getQueue
FNDA:6,removeInstruction
FNDA:3,clearProcessed
FNDA:31,processNextInstruction
FNDA:8,getQueueStats
FNDA:90,sortQueueByPriority
FNDA:90,generateId
FNDA:11,getInstruction
FNDA:117,clearQueue
FNDA:7,processAllInstructions
FNDA:77,setAutoProcess
DA:1,3
DA:2,3
DA:3,3
DA:4,3
DA:5,3
DA:6,3
DA:7,3
DA:8,3
DA:9,3
DA:10,3
DA:11,3
DA:12,3
DA:13,3
DA:14,3
DA:15,3
DA:16,3
DA:17,3
DA:18,3
DA:19,3
DA:20,3
DA:21,3
DA:22,3
DA:23,3
DA:24,3
DA:25,3
DA:26,3
DA:27,3
DA:28,3
DA:29,3
DA:30,3
DA:31,3
DA:32,3
DA:33,3
DA:34,3
DA:35,3
DA:36,3
DA:37,3
DA:38,3
DA:39,3
DA:40,3
DA:41,3
DA:42,3
DA:43,3
DA:44,3
DA:45,3
DA:46,3
DA:47,3
DA:48,3
DA:49,3
DA:50,3
DA:51,90
DA:52,90
DA:53,90
DA:54,90
DA:55,90
DA:56,90
DA:57,90
DA:58,90
DA:59,90
DA:60,90
DA:61,90
DA:62,90
DA:63,90
DA:64,90
DA:65,90
DA:66,90
DA:67,90
DA:68,90
DA:69,90
DA:70,90
DA:71,90
DA:72,90
DA:73,1
DA:74,1
DA:75,90
DA:76,90
DA:77,90
DA:78,3
DA:79,3
DA:80,3
DA:81,3
DA:82,3
DA:83,3
DA:84,3
DA:85,48
DA:86,26
DA:87,26
DA:88,22
DA:89,22
DA:90,3
DA:91,3
DA:92,3
DA:93,3
DA:94,3
DA:95,3
DA:96,3
DA:97,12
DA:98,12
DA:99,3
DA:100,3
DA:101,3
DA:102,3
DA:103,3
DA:104,3
DA:105,3
DA:106,6
DA:107,6
DA:108,3
DA:109,3
DA:110,3
DA:111,3
DA:112,3
DA:113,3
DA:114,3
DA:115,3
DA:116,3
DA:117,3
DA:118,3
DA:119,3
DA:120,3
DA:121,3
DA:122,3
DA:123,3
DA:124,3
DA:125,3
DA:126,3
DA:127,3
DA:128,3
DA:129,3
DA:130,3
DA:131,3
DA:132,3
DA:133,118
DA:134,118
DA:135,118
DA:136,118
DA:137,3
DA:138,3
DA:139,3
DA:140,3
DA:141,3
DA:142,3
DA:143,31
DA:144,31
DA:145,31
DA:146,31
DA:147,1
DA:148,1
DA:149,1
DA:150,30
DA:151,30
DA:152,31
DA:153,3
DA:154,3
DA:155,27
DA:156,27
DA:157,27
DA:158,27
DA:159,27
DA:160,27
DA:161,27
DA:162,30
DA:163,26
DA:164,26
DA:165,26
DA:166,26
DA:167,26
DA:168,26
DA:169,24
DA:170,26
DA:171,20
DA:172,20
DA:173,26
DA:174,4
DA:175,4
DA:176,4
DA:177,31
DA:178,1
DA:179,1
DA:180,1
DA:181,1
DA:182,1
DA:183,25
DA:184,25
DA:185,25
DA:186,31
DA:187,2
DA:188,2
DA:189,2
DA:190,31
DA:191,27
DA:192,27
DA:193,27
DA:194,27
DA:195,27
DA:196,3
DA:197,3
DA:198,3
DA:199,3
DA:200,3
DA:201,3
DA:202,8
DA:203,8
DA:204,8
DA:205,8
DA:206,8
DA:207,8
DA:208,13
DA:209,13
DA:210,13
DA:211,13
DA:212,13
DA:213,13
DA:214,1
DA:215,1
DA:216,13
DA:217,8
DA:218,8
DA:219,8
DA:220,8
DA:221,3
DA:222,3
DA:223,3
DA:224,3
DA:225,3
DA:226,3
DA:227,3
DA:228,78
DA:229,78
DA:230,78
DA:231,78
DA:232,78
DA:233,78
DA:234,78
DA:235,78
DA:236,4
DA:237,4
DA:238,4
DA:239,78
DA:240,3
DA:241,3
DA:242,3
DA:243,3
DA:244,3
DA:245,3
DA:246,8
DA:247,8
DA:248,8
DA:249,8
DA:250,8
DA:251,8
DA:252,8
DA:253,8
DA:254,8
DA:255,8
DA:256,8
DA:257,8
DA:258,8
DA:259,8
DA:260,8
DA:261,8
DA:262,3
DA:263,3
DA:264,3
DA:265,3
DA:266,90
DA:267,90
DA:268,90
DA:269,74
DA:270,74
DA:271,8
DA:272,8
DA:273,74
DA:274,1
DA:275,1
DA:276,65
DA:277,65
DA:278,65
DA:279,74
DA:280,36
DA:281,36
DA:282,29
DA:283,29
DA:284,29
DA:285,90
DA:286,90
DA:287,3
DA:288,3
DA:289,3
DA:290,3
DA:291,90
DA:292,90
DA:293,90
LF:293
LH:293
BRDA:50,0,0,90
BRDA:72,1,0,1
BRDA:72,2,0,1
BRDA:84,3,0,48
BRDA:85,4,0,26
BRDA:87,5,0,22
BRDA:86,6,0,62
BRDA:96,7,0,11
BRDA:97,8,0,9
BRDA:105,9,0,6
BRDA:107,10,0,3
BRDA:106,11,0,3
BRDA:119,12,0,3
BRDA:122,13,0,8
BRDA:122,14,0,5
BRDA:132,15,0,117
BRDA:143,16,0,31
BRDA:146,17,0,1
BRDA:152,18,0,3
BRDA:154,19,0,30
BRDA:168,20,0,24
BRDA:170,21,0,20
BRDA:173,22,0,4
BRDA:177,23,0,1
BRDA:182,24,0,25
BRDA:186,25,0,2
BRDA:188,26,0,1
BRDA:190,27,0,27
BRDA:151,28,0,38
BRDA:202,29,0,7
BRDA:207,30,0,12
BRDA:207,31,0,12
BRDA:213,32,0,0
BRDA:212,33,0,12
BRDA:227,34,0,77
BRDA:232,35,0,5
BRDA:232,36,0,72
BRDA:233,37,0,5
BRDA:233,38,0,72
BRDA:235,39,0,5
BRDA:235,40,0,3
BRDA:245,41,0,8
BRDA:255,42,0,8
BRDA:256,43,0,8
BRDA:257,44,0,8
BRDA:258,45,0,8
BRDA:266,46,0,90
BRDA:268,47,0,74
BRDA:270,48,0,71
BRDA:270,49,0,8
BRDA:272,50,0,66
BRDA:273,51,0,3
BRDA:273,52,0,1
BRDA:275,53,0,65
BRDA:279,54,0,36
BRDA:281,55,0,29
BRDA:291,56,0,90
BRDA:149,57,0,30
BRDA:154,58,0,27
BRDA:162,59,0,26
BRDA:188,60,0,1
BRDA:279,61,0,55
BRF:62
BRH:61
end_of_record
TN:
SF:src/modules/autoApproval.ts
FN:1,autoInjectScript
FN:1,getAutoApprovalScript
FN:13,autoInjectScript
FN:37,getAutoApprovalScript
FN:1,src/modules/autoApproval.ts
FNF:5
FNH:1
FNDA:0,autoInjectScript
FNDA:0,getAutoApprovalScript
FNDA:0,autoInjectScript
FNDA:0,getAutoApprovalScript
FNDA:1,src/modules/autoApproval.ts
DA:1,1
DA:2,1
DA:3,1
DA:4,1
DA:5,1
DA:6,1
DA:7,1
DA:8,1
DA:9,1
DA:10,1
DA:11,1
DA:12,1
DA:13,0
DA:14,0
DA:15,0
DA:16,0
DA:17,0
DA:18,0
DA:19,0
DA:20,0
DA:21,0
DA:22,0
DA:23,0
DA:24,0
DA:25,0
DA:26,0
DA:27,0
DA:28,0
DA:29,0
DA:30,0
DA:31,0
DA:32,0
DA:33,1
DA:34,1
DA:35,1
DA:36,1
DA:37,1
DA:38,0
DA:39,0
DA:40,0
DA:41,0
DA:42,0
DA:43,0
DA:44,0
DA:45,0
DA:46,0
DA:47,0
LF:47
LH:17
BRDA:1,0,0,1
BRF:1
BRH:1
end_of_record
TN:
SF:src/modules/autoContinue.ts
FN:59,getSmartAutoContinueMessage
FN:145,startAutoContinue
FN:209,stopAutoContinue
FN:236,restartAutoContinue
FN:294,getTimeUntilNextReminder
FN:1,stopAutoContinue
FN:263,isAutoContinueActive
FN:1,src/modules/autoContinue.ts
FNF:8
FNH:7
FNDA:39,getSmartAutoContinueMessage
FNDA:27,startAutoContinue
FNDA:116,stopAutoContinue
FNDA:9,restartAutoContinue
FNDA:17,getTimeUntilNextReminder
FNDA:0,stopAutoContinue
FNDA:18,isAutoContinueActive
FNDA:2,src/modules/autoContinue.ts
DA:1,3
DA:2,3
DA:3,3
DA:4,3
DA:5,3
DA:6,3
DA:7,3
DA:8,3
DA:9,3
DA:10,3
DA:11,3
DA:12,3
DA:13,3
DA:14,3
DA:15,3
DA:16,3
DA:17,3
DA:18,3
DA:19,3
DA:20,3
DA:21,3
DA:22,3
DA:23,3
DA:24,3
DA:25,3
DA:26,3
DA:27,3
DA:28,3
DA:29,3
DA:30,3
DA:31,3
DA:32,3
DA:33,3
DA:34,3
DA:35,3
DA:36,3
DA:37,3
DA:38,3
DA:39,3
DA:40,3
DA:41,3
DA:42,3
DA:43,3
DA:44,3
DA:45,3
DA:46,3
DA:47,3
DA:48,3
DA:49,3
DA:50,3
DA:51,3
DA:52,3
DA:53,3
DA:54,3
DA:55,3
DA:56,3
DA:57,3
DA:58,3
DA:59,39
DA:60,39
DA:61,39
DA:62,39
DA:63,39
DA:64,39
DA:65,39
DA:66,39
DA:67,39
DA:68,39
DA:69,39
DA:70,39
DA:71,39
DA:72,39
DA:73,39
DA:74,39
DA:75,234
DA:76,234
DA:77,234
DA:78,234
DA:79,234
DA:80,170
DA:81,170
DA:82,64
DA:83,234
DA:84,234
DA:85,234
DA:86,234
DA:87,234
DA:88,26
DA:89,26
DA:90,26
DA:91,234
DA:92,39
DA:93,39
DA:94,39
DA:95,39
DA:96,39
DA:97,39
DA:98,20
DA:99,20
DA:100,19
DA:101,19
DA:102,19
DA:103,19
DA:104,19
DA:105,19
DA:106,39
DA:107,2
DA:108,2
DA:109,19
DA:110,19
DA:111,19
DA:112,3
DA:113,3
DA:114,3
DA:115,3
DA:116,3
DA:117,3
DA:118,3
DA:119,3
DA:120,3
DA:121,3
DA:122,3
DA:123,3
DA:124,3
DA:125,3
DA:126,3
DA:127,3
DA:128,3
DA:129,3
DA:130,3
DA:131,3
DA:132,3
DA:133,3
DA:134,3
DA:135,3
DA:136,3
DA:137,3
DA:138,3
DA:139,3
DA:140,3
DA:141,3
DA:142,3
DA:143,3
DA:144,3
DA:145,3
DA:146,27
DA:147,27
DA:148,27
DA:149,27
DA:150,27
DA:151,27
DA:152,27
DA:153,27
DA:154,19
DA:155,19
DA:156,19
DA:157,19
DA:158,19
DA:159,19
DA:160,19
DA:161,15
DA:162,15
DA:163,15
DA:164,15
DA:165,15
DA:166,15
DA:167,2
DA:168,2
DA:169,2
DA:170,2
DA:171,2
DA:172,2
DA:173,2
DA:174,13
DA:175,13
DA:176,15
DA:177,3
DA:178,3
DA:179,3
DA:180,3
DA:181,3
DA:182,1
DA:183,15
DA:184,2
DA:185,2
DA:186,2
DA:187,2
DA:188,19
DA:189,27
DA:190,8
DA:191,8
DA:192,27
DA:193,3
DA:194,3
DA:195,3
DA:196,3
DA:197,3
DA:198,3
DA:199,3
DA:200,3
DA:201,3
DA:202,3
DA:203,3
DA:204,3
DA:205,3
DA:206,3
DA:207,3
DA:208,3
DA:209,3
DA:210,116
DA:211,17
DA:212,17
DA:213,17
DA:214,17
DA:215,116
DA:216,3
DA:217,3
DA:218,3
DA:219,3
DA:220,3
DA:221,3
DA:222,3
DA:223,3
DA:224,3
DA:225,3
DA:226,3
DA:227,3
DA:228,3
DA:229,3
DA:230,3
DA:231,3
DA:232,3
DA:233,3
DA:234,3
DA:235,3
DA:236,3
DA:237,9
DA:238,9
DA:239,9
DA:240,9
DA:241,9
DA:242,9
DA:243,9
DA:244,9
DA:245,9
DA:246,9
DA:247,3
DA:248,3
DA:249,3
DA:250,3
DA:251,3
DA:252,3
DA:253,3
DA:254,3
DA:255,3
DA:256,3
DA:257,3
DA:258,3
DA:259,3
DA:260,3
DA:261,3
DA:262,3
DA:263,3
DA:264,19
DA:265,19
DA:266,3
DA:267,3
DA:268,3
DA:269,3
DA:270,3
DA:271,3
DA:272,3
DA:273,3
DA:274,3
DA:275,3
DA:276,3
DA:277,3
DA:278,3
DA:279,3
DA:280,3
DA:281,3
DA:282,3
DA:283,3
DA:284,3
DA:285,3
DA:286,3
DA:287,3
DA:288,3
DA:289,3
DA:290,3
DA:291,3
DA:292,3
DA:293,3
DA:294,3
DA:295,17
DA:296,17
DA:297,17
DA:298,17
DA:299,17
DA:300,17
DA:301,17
DA:302,17
DA:303,17
DA:304,17
DA:305,17
DA:306,17
DA:307,17
DA:308,102
DA:309,102
DA:310,102
DA:311,102
DA:312,102
DA:313,72
DA:314,72
DA:315,30
DA:316,102
DA:317,102
DA:318,102
DA:319,102
DA:320,102
DA:321,16
DA:322,16
DA:323,102
DA:324,17
DA:325,17
DA:326,17
LF:326
LH:326
BRDA:59,0,0,39
BRDA:74,1,0,234
BRDA:79,2,0,170
BRDA:83,3,0,26
BRDA:87,4,0,26
BRDA:97,5,0,20
BRDA:99,6,0,19
BRDA:106,7,0,2
BRDA:108,8,0,19
BRDA:145,9,0,27
BRDA:153,10,0,19
BRDA:189,11,0,8
BRDA:160,12,0,15
BRDA:166,13,0,2
BRDA:176,14,0,3
BRDA:183,15,0,2
BRDA:209,16,0,116
BRDA:210,17,0,17
BRDA:236,18,0,9
BRDA:294,19,0,17
BRDA:307,20,0,102
BRDA:312,21,0,72
BRDA:316,22,0,0
BRDA:320,23,0,21
BRDA:320,24,0,16
BRDA:1,25,0,2
BRDA:79,26,0,68
BRDA:81,27,0,64
BRDA:87,28,0,48
BRDA:173,29,0,13
BRDA:181,30,0,1
BRDA:263,31,0,18
BRDA:312,32,0,36
BRDA:314,33,0,30
BRDA:1,34,0,2
BRF:35
BRH:34
end_of_record
TN:
SF:src/modules/chatIntegration.ts
FN:35,initChat
FN:57,createChatParticipant
FN:94,handleChatRequest
FN:178,sendToAgent
FN:230,sendToCopilotChat
FN:237,disposeChat
FN:77,getChatParticipant
FNF:7
FNH:5
FNDA:19,initChat
FNDA:18,createChatParticipant
FNDA:0,handleChatRequest
FNDA:17,sendToAgent
FNDA:0,sendToCopilotChat
FNDA:27,disposeChat
FNDA:4,getChatParticipant
DA:1,2
DA:2,2
DA:3,2
DA:4,2
DA:5,2
DA:6,2
DA:7,2
DA:8,2
DA:9,2
DA:10,2
DA:11,2
DA:12,2
DA:13,2
DA:14,2
DA:15,2
DA:16,2
DA:17,2
DA:18,2
DA:19,2
DA:20,2
DA:21,2
DA:22,2
DA:23,2
DA:24,2
DA:25,2
DA:26,2
DA:27,2
DA:28,2
DA:29,2
DA:30,2
DA:31,2
DA:32,2
DA:33,2
DA:34,2
DA:35,2
DA:36,19
DA:37,19
DA:38,2
DA:39,2
DA:40,2
DA:41,2
DA:42,2
DA:43,2
DA:44,2
DA:45,2
DA:46,2
DA:47,2
DA:48,2
DA:49,2
DA:50,2
DA:51,2
DA:52,2
DA:53,2
DA:54,2
DA:55,2
DA:56,2
DA:57,2
DA:58,18
DA:59,18
DA:60,18
DA:61,18
DA:62,18
DA:63,18
DA:64,18
DA:65,18
DA:66,18
DA:67,18
DA:68,2
DA:69,2
DA:70,2
DA:71,2
DA:72,2
DA:73,2
DA:74,2
DA:75,2
DA:76,2
DA:77,2
DA:78,5
DA:79,5
DA:80,2
DA:81,2
DA:82,2
DA:83,2
DA:84,2
DA:85,2
DA:86,2
DA:87,2
DA:88,2
DA:89,2
DA:90,2
DA:91,2
DA:92,2
DA:93,2
DA:94,0
DA:95,0
DA:96,0
DA:97,0
DA:98,0
DA:99,0
DA:100,0
DA:101,0
DA:102,0
DA:103,0
DA:104,0
DA:105,0
DA:106,0
DA:107,0
DA:108,0
DA:109,0
DA:110,0
DA:111,0
DA:112,0
DA:113,0
DA:114,0
DA:115,0
DA:116,0
DA:117,0
DA:118,0
DA:119,0
DA:120,0
DA:121,0
DA:122,0
DA:123,0
DA:124,0
DA:125,0
DA:126,0
DA:127,0
DA:128,0
DA:129,0
DA:130,0
DA:131,0
DA:132,0
DA:133,0
DA:134,0
DA:135,0
DA:136,0
DA:137,0
DA:138,0
DA:139,2
DA:140,2
DA:141,2
DA:142,2
DA:143,2
DA:144,2
DA:145,2
DA:146,2
DA:147,2
DA:148,2
DA:149,2
DA:150,2
DA:151,2
DA:152,2
DA:153,2
DA:154,2
DA:155,2
DA:156,2
DA:157,2
DA:158,2
DA:159,2
DA:160,2
DA:161,2
DA:162,2
DA:163,2
DA:164,2
DA:165,2
DA:166,2
DA:167,2
DA:168,2
DA:169,2
DA:170,2
DA:171,2
DA:172,2
DA:173,2
DA:174,2
DA:175,2
DA:176,2
DA:177,2
DA:178,17
DA:179,17
DA:180,17
DA:181,17
DA:182,17
DA:183,17
DA:184,17
DA:185,17
DA:186,17
DA:187,17
DA:188,16
DA:189,17
DA:190,0
DA:191,0
DA:192,0
DA:193,0
DA:194,0
DA:195,0
DA:196,0
DA:197,0
DA:198,0
DA:199,0
DA:200,0
DA:201,0
DA:202,0
DA:203,0
DA:204,0
DA:205,0
DA:206,0
DA:207,0
DA:208,0
DA:209,0
DA:210,0
DA:211,17
DA:212,0
DA:213,0
DA:214,16
DA:215,16
DA:216,16
DA:217,16
DA:218,16
DA:219,16
DA:220,16
DA:221,17
DA:222,1
DA:223,1
DA:224,1
DA:225,17
DA:226,2
DA:227,2
DA:228,2
DA:229,2
DA:230,1
DA:231,1
DA:232,1
DA:233,2
DA:234,2
DA:235,2
DA:236,2
DA:237,2
DA:238,27
DA:239,18
DA:240,18
DA:241,18
DA:242,18
DA:243,27
LF:243
LH:175
BRDA:35,0,0,19
BRDA:57,1,0,18
BRDA:178,2,0,17
BRDA:189,3,0,0
BRDA:211,4,0,0
BRDA:221,5,0,1
BRDA:237,6,0,27
BRDA:77,7,0,4
BRDA:187,8,0,16
BRDA:213,9,0,16
BRDA:238,10,0,18
BRF:11
BRH:9
end_of_record
TN:
SF:src/modules/commands.ts
FN:115,registerCommands
FNF:1
FNH:1
FNDA:1,registerCommands
DA:1,1
DA:2,1
DA:3,1
DA:4,1
DA:5,1
DA:6,1
DA:7,1
DA:8,1
DA:9,1
DA:10,1
DA:11,1
DA:12,1
DA:13,1
DA:14,1
DA:15,1
DA:16,1
DA:17,1
DA:18,1
DA:19,1
DA:20,1
DA:21,1
DA:22,1
DA:23,1
DA:24,1
DA:25,1
DA:26,1
DA:27,1
DA:28,1
DA:29,1
DA:30,1
DA:31,1
DA:32,1
DA:33,1
DA:34,1
DA:35,1
DA:36,1
DA:37,1
DA:38,1
DA:39,1
DA:40,1
DA:41,1
DA:42,1
DA:43,1
DA:44,1
DA:45,1
DA:46,1
DA:47,1
DA:48,1
DA:49,1
DA:50,1
DA:51,1
DA:52,1
DA:53,1
DA:54,1
DA:55,1
DA:56,1
DA:57,1
DA:58,1
DA:59,1
DA:60,1
DA:61,1
DA:62,1
DA:63,1
DA:64,1
DA:65,1
DA:66,1
DA:67,1
DA:68,1
DA:69,1
DA:70,1
DA:71,1
DA:72,1
DA:73,1
DA:74,1
DA:75,1
DA:76,1
DA:77,1
DA:78,1
DA:79,1
DA:80,1
DA:81,1
DA:82,1
DA:83,1
DA:84,1
DA:85,1
DA:86,1
DA:87,1
DA:88,1
DA:89,1
DA:90,1
DA:91,1
DA:92,1
DA:93,1
DA:94,1
DA:95,1
DA:96,1
DA:97,1
DA:98,1
DA:99,1
DA:100,1
DA:101,1
DA:102,1
DA:103,1
DA:104,1
DA:105,1
DA:106,1
DA:107,1
DA:108,1
DA:109,1
DA:110,1
DA:111,1
DA:112,1
DA:113,1
DA:114,1
DA:115,1
DA:116,1
DA:117,1
DA:118,1
DA:119,1
DA:120,1
DA:121,1
DA:122,1
DA:123,1
DA:124,1
DA:125,1
DA:126,1
DA:127,1
DA:128,0
DA:129,1
DA:130,1
DA:131,1
DA:132,1
DA:133,1
DA:134,1
DA:135,1
DA:136,0
DA:137,0
DA:138,0
DA:139,0
DA:140,0
DA:141,0
DA:142,0
DA:143,0
DA:144,0
DA:145,0
DA:146,0
DA:147,0
DA:148,0
DA:149,0
DA:150,0
DA:151,0
DA:152,0
DA:153,0
DA:154,0
DA:155,1
DA:156,1
DA:157,1
DA:158,1
DA:159,1
DA:160,1
DA:161,0
DA:162,1
DA:163,1
DA:164,1
DA:165,1
DA:166,1
DA:167,1
DA:168,0
DA:169,1
DA:170,1
DA:171,1
DA:172,1
DA:173,1
DA:174,1
DA:175,0
DA:176,0
DA:177,0
DA:178,0
DA:179,0
DA:180,0
DA:181,0
DA:182,0
DA:183,0
DA:184,0
DA:185,0
DA:186,0
DA:187,0
DA:188,0
DA:189,0
DA:190,0
DA:191,0
DA:192,0
DA:193,0
DA:194,0
DA:195,0
DA:196,0
DA:197,0
DA:198,0
DA:199,1
DA:200,1
DA:201,1
DA:202,1
DA:203,1
DA:204,1
DA:205,0
DA:206,0
DA:207,0
DA:208,0
DA:209,0
DA:210,0
DA:211,0
DA:212,0
DA:213,0
DA:214,0
DA:215,0
DA:216,0
DA:217,0
DA:218,0
DA:219,0
DA:220,0
DA:221,0
DA:222,0
DA:223,0
DA:224,0
DA:225,0
DA:226,0
DA:227,0
DA:228,0
DA:229,0
DA:230,0
DA:231,0
DA:232,0
DA:233,0
DA:234,0
DA:235,0
DA:236,0
DA:237,0
DA:238,0
DA:239,0
DA:240,0
DA:241,0
DA:242,0
DA:243,1
DA:244,1
DA:245,1
DA:246,1
DA:247,1
DA:248,1
DA:249,1
DA:250,1
DA:251,0
DA:252,0
DA:253,0
DA:254,0
DA:255,0
DA:256,0
DA:257,0
DA:258,0
DA:259,0
DA:260,0
DA:261,0
DA:262,0
DA:263,0
DA:264,0
DA:265,1
DA:266,1
DA:267,1
DA:268,1
DA:269,1
DA:270,1
DA:271,5
DA:272,5
DA:273,5
DA:274,5
DA:275,5
DA:276,5
DA:277,5
DA:278,3
DA:279,5
DA:280,2
DA:281,2
DA:282,5
DA:283,5
DA:284,5
DA:285,5
DA:286,5
DA:287,5
DA:288,5
DA:289,1
DA:290,1
DA:291,1
DA:292,1
DA:293,1
DA:294,1
DA:295,0
DA:296,0
DA:297,0
DA:298,0
DA:299,0
DA:300,0
DA:301,0
DA:302,0
DA:303,0
DA:304,0
DA:305,0
DA:306,0
DA:307,0
DA:308,0
DA:309,0
DA:310,0
DA:311,0
DA:312,0
DA:313,0
DA:314,0
DA:315,0
DA:316,0
DA:317,0
DA:318,0
DA:319,1
DA:320,1
DA:321,1
DA:322,1
DA:323,1
DA:324,1
DA:325,0
DA:326,0
DA:327,0
DA:328,0
DA:329,0
DA:330,0
DA:331,0
DA:332,0
DA:333,0
DA:334,0
DA:335,0
DA:336,0
DA:337,0
DA:338,1
DA:339,1
DA:340,1
DA:341,1
DA:342,1
DA:343,1
DA:344,1
DA:345,1
DA:346,1
DA:347,1
DA:348,1
DA:349,1
DA:350,1
DA:351,1
DA:352,1
DA:353,1
DA:354,1
DA:355,1
DA:356,1
DA:357,1
DA:358,1
DA:359,1
DA:360,1
DA:361,1
DA:362,1
DA:363,1
DA:364,1
DA:365,1
DA:366,1
DA:367,1
DA:368,1
DA:369,1
DA:370,1
DA:371,1
DA:372,1
DA:373,1
DA:374,1
DA:375,1
DA:376,1
DA:377,1
DA:378,1
DA:379,1
DA:380,1
DA:381,1
DA:382,1
DA:383,1
DA:384,1
DA:385,1
DA:386,1
LF:386
LH:251
BRDA:115,0,0,1
BRDA:120,1,0,1
BRDA:270,2,0,5
BRDA:274,3,0,3
BRDA:274,4,0,2
BRDA:277,5,0,3
BRDA:279,6,0,2
BRF:7
BRH:7
end_of_record
TN:
SF:src/modules/guidingDocuments.ts
FN:20,getGuidingDocuments
FN:30,addGuidingDocument
FN:62,removeGuidingDocument
FN:93,getGuidingDocumentsContext
FN:133,getRelativePath
FN:152,getAbsolutePath
FN:170,showAddDocumentPicker
FN:194,showRemoveDocumentPicker
FN:223,showGuidingDocumentsList
FN:1,src/modules/guidingDocuments.ts
FNF:10
FNH:7
FNDA:99,getGuidingDocuments
FNDA:7,addGuidingDocument
FNDA:6,removeGuidingDocument
FNDA:20,getGuidingDocumentsContext
FNDA:11,getRelativePath
FNDA:13,getAbsolutePath
FNDA:0,showAddDocumentPicker
FNDA:0,showRemoveDocumentPicker
FNDA:0,showGuidingDocumentsList
FNDA:2,src/modules/guidingDocuments.ts
DA:1,3
DA:2,3
DA:3,3
DA:4,3
DA:5,3
DA:6,3
DA:7,3
DA:8,3
DA:9,3
DA:10,3
DA:11,3
DA:12,3
DA:13,3
DA:14,3
DA:15,3
DA:16,3
DA:17,3
DA:18,3
DA:19,3
DA:20,3
DA:21,99
DA:22,99
DA:23,99
DA:24,99
DA:25,3
DA:26,3
DA:27,3
DA:28,3
DA:29,3
DA:30,8
DA:31,8
DA:32,8
DA:33,8
DA:34,8
DA:35,8
DA:36,8
DA:37,3
DA:38,3
DA:39,3
DA:40,6
DA:41,6
DA:42,6
DA:43,6
DA:44,6
DA:45,8
DA:46,1
DA:47,1
DA:48,1
DA:49,6
DA:50,6
DA:51,6
DA:52,6
DA:53,8
DA:54,8
DA:55,6
DA:56,6
DA:57,3
DA:58,3
DA:59,3
DA:60,3
DA:61,3
DA:62,7
DA:63,7
DA:64,7
DA:65,7
DA:66,7
DA:67,7
DA:68,7
DA:69,7
DA:70,7
DA:71,6
DA:72,6
DA:73,6
DA:74,7
DA:75,7
DA:76,7
DA:77,2
DA:78,2
DA:79,2
DA:80,2
DA:81,6
DA:82,6
DA:83,7
DA:84,7
DA:85,6
DA:86,6
DA:87,3
DA:88,3
DA:89,3
DA:90,3
DA:91,3
DA:92,3
DA:93,20
DA:94,20
DA:95,20
DA:96,20
DA:97,18
DA:98,18
DA:99,2
DA:100,2
DA:101,2
DA:102,2
DA:103,2
DA:104,2
DA:105,2
DA:106,2
DA:107,2
DA:108,0
DA:109,0
DA:110,0
DA:111,2
DA:112,2
DA:113,2
DA:114,2
DA:115,2
DA:116,0
DA:117,0
DA:118,2
DA:119,2
DA:120,19
DA:121,0
DA:122,0
DA:123,2
DA:124,2
DA:125,2
DA:126,2
DA:127,3
DA:128,3
DA:129,3
DA:130,3
DA:131,3
DA:132,3
DA:133,12
DA:134,12
DA:135,12
DA:136,12
DA:137,12
DA:138,1
DA:139,1
DA:140,1
DA:141,1
DA:142,1
DA:143,1
DA:144,1
DA:145,1
DA:146,3
DA:147,3
DA:148,3
DA:149,3
DA:150,3
DA:151,3
DA:152,13
DA:153,13
DA:154,13
DA:155,10
DA:156,10
DA:157,3
DA:158,3
DA:159,12
DA:160,13
DA:161,3
DA:162,3
DA:163,0
DA:164,0
DA:165,0
DA:166,3
DA:167,3
DA:168,3
DA:169,3
DA:170,2
DA:171,2
DA:172,2
DA:173,2
DA:174,2
DA:175,2
DA:176,2
DA:177,2
DA:178,2
DA:179,2
DA:180,2
DA:181,2
DA:182,2
DA:183,2
DA:184,2
DA:185,2
DA:186,2
DA:187,2
DA:188,2
DA:189,2
DA:190,3
DA:191,3
DA:192,3
DA:193,3
DA:194,2
DA:195,2
DA:196,2
DA:197,2
DA:198,2
DA:199,2
DA:200,2
DA:201,2
DA:202,2
DA:203,2
DA:204,2
DA:205,2
DA:206,2
DA:207,2
DA:208,2
DA:209,2
DA:210,2
DA:211,2
DA:212,2
DA:213,2
DA:214,2
DA:215,2
DA:216,2
DA:217,2
DA:218,2
DA:219,3
DA:220,3
DA:221,3
DA:222,3
DA:223,2
DA:224,2
DA:225,2
DA:226,2
DA:227,2
DA:228,2
DA:229,2
DA:230,2
DA:231,2
DA:232,2
DA:233,2
DA:234,2
DA:235,2
DA:236,2
DA:237,2
DA:238,2
DA:239,2
DA:240,2
DA:241,2
DA:242,2
DA:243,2
DA:244,2
DA:245,2
DA:246,2
DA:247,2
DA:248,2
DA:249,2
DA:250,2
DA:251,2
DA:252,2
DA:253,2
DA:254,2
DA:255,2
DA:256,2
DA:257,2
DA:258,2
DA:259,2
DA:260,2
DA:261,2
DA:262,2
DA:263,2
DA:264,2
DA:265,2
DA:266,2
DA:267,2
DA:268,2
DA:269,2
DA:270,2
DA:271,2
DA:272,2
DA:273,2
DA:274,2
DA:275,2
DA:276,2
DA:277,2
DA:278,2
DA:279,2
DA:280,2
DA:281,2
LF:281
LH:271
BRDA:20,0,0,99
BRDA:93,1,0,20
BRDA:98,2,0,19
BRDA:96,3,0,18
BRDA:98,4,0,2
BRDA:107,5,0,0
BRDA:115,6,0,0
BRDA:120,7,0,0
BRDA:122,8,0,2
BRDA:152,9,0,13
BRDA:156,10,0,12
BRDA:160,11,0,12
BRDA:1,12,0,2
BRDA:30,13,0,7
BRDA:36,14,0,2
BRDA:38,15,0,0
BRDA:39,16,0,5
BRDA:45,17,0,0
BRDA:48,18,0,5
BRDA:53,19,0,0
BRDA:53,20,0,5
BRDA:54,21,0,5
BRDA:62,22,0,6
BRDA:76,23,0,1
BRDA:80,24,0,5
BRDA:83,25,0,0
BRDA:83,26,0,5
BRDA:84,27,0,5
BRDA:70,28,0,5
BRDA:73,29,0,0
BRDA:73,30,0,0
BRDA:133,31,0,11
BRDA:134,32,0,0
BRDA:137,33,0,0
BRDA:154,34,0,10
BRDA:156,35,0,3
BRDA:159,36,0,0
BRDA:160,37,0,3
BRDA:162,38,0,0
BRF:39
BRH:26
end_of_record
TN:
SF:src/modules/logging.ts
FN:12,initLogging
FN:19,log
FN:41,getErrorMessage
FN:1,src/modules/logging.ts
FNF:4
FNH:4
FNDA:51,initLogging
FNDA:622,log
FNDA:11,getErrorMessage
FNDA:3,src/modules/logging.ts
DA:1,6
DA:2,6
DA:3,6
DA:4,6
DA:5,6
DA:6,6
DA:7,6
DA:8,6
DA:9,6
DA:10,6
DA:11,6
DA:12,6
DA:13,55
DA:14,55
DA:15,6
DA:16,6
DA:17,6
DA:18,6
DA:19,6
DA:20,622
DA:21,622
DA:22,622
DA:23,622
DA:24,622
DA:25,77
DA:26,77
DA:27,622
DA:28,622
DA:29,622
DA:30,13
DA:31,622
DA:32,8
DA:33,609
DA:34,601
DA:35,601
DA:36,622
DA:37,6
DA:38,6
DA:39,6
DA:40,6
DA:41,6
DA:42,13
DA:43,8
DA:44,8
DA:45,7
DA:46,7
LF:46
LH:46
BRDA:12,0,0,51
BRDA:19,1,0,622
BRDA:22,2,0,129
BRDA:22,3,0,493
BRDA:29,4,0,13
BRDA:31,5,0,8
BRDA:33,6,0,601
BRDA:1,7,0,3
BRDA:24,8,0,77
BRDA:31,9,0,609
BRDA:41,10,0,11
BRDA:44,11,0,5
BRDA:42,12,0,6
BRF:13
BRH:13
end_of_record
TN:
SF:src/modules/messageFormatter.ts
FN:48,formatFeedbackMessage
FN:83,resolveContext
FN:94,extractContextDetails
FN:75,hasRichContext
FNF:4
FNH:4
FNDA:42,formatFeedbackMessage
FNDA:42,resolveContext
FNDA:46,extractContextDetails
FNDA:9,hasRichContext
DA:1,3
DA:2,3
DA:3,3
DA:4,3
DA:5,3
DA:6,3
DA:7,3
DA:8,3
DA:9,3
DA:10,3
DA:11,3
DA:12,3
DA:13,3
DA:14,3
DA:15,3
DA:16,3
DA:17,3
DA:18,3
DA:19,3
DA:20,3
DA:21,3
DA:22,3
DA:23,3
DA:24,3
DA:25,3
DA:26,3
DA:27,3
DA:28,3
DA:29,3
DA:30,3
DA:31,3
DA:32,3
DA:33,3
DA:34,3
DA:35,3
DA:36,3
DA:37,3
DA:38,3
DA:39,3
DA:40,3
DA:41,3
DA:42,3
DA:43,3
DA:44,3
DA:45,3
DA:46,3
DA:47,3
DA:48,3
DA:49,42
DA:50,42
DA:51,42
DA:52,42
DA:53,42
DA:54,42
DA:55,42
DA:56,42
DA:57,12
DA:58,12
DA:59,42
DA:60,42
DA:61,42
DA:62,42
DA:63,42
DA:64,42
DA:65,42
DA:66,42
DA:67,42
DA:68,3
DA:69,3
DA:70,3
DA:71,3
DA:72,3
DA:73,3
DA:74,3
DA:75,3
DA:76,11
DA:77,7
DA:78,7
DA:79,6
DA:80,6
DA:81,6
DA:82,3
DA:83,42
DA:84,42
DA:85,13
DA:86,13
DA:87,13
DA:88,13
DA:89,13
DA:90,29
DA:91,29
DA:92,29
DA:93,3
DA:94,46
DA:95,46
DA:96,46
DA:97,46
DA:98,205
DA:99,82
DA:100,82
DA:101,123
DA:102,123
DA:103,123
DA:104,46
DA:105,46
DA:106,46
LF:106
LH:106
BRDA:48,0,0,42
BRDA:56,1,0,12
BRDA:83,2,0,42
BRDA:84,3,0,13
BRDA:94,4,0,46
BRDA:97,5,0,205
BRDA:98,6,0,164
BRDA:100,7,0,123
BRDA:105,8,0,14
BRDA:84,9,0,29
BRDA:89,10,0,29
BRDA:98,11,0,82
BRDA:105,12,0,32
BRDA:75,13,0,9
BRDA:76,14,0,7
BRDA:76,15,0,5
BRDA:78,16,0,4
BRF:17
BRH:17
end_of_record
TN:
SF:src/modules/numberValidation.ts
FN:46,validateInteger
FN:91,validateRange
FN:132,validatePort
FN:263,parseIntegerString
FN:178,validatePositiveInteger
FN:218,validateNonNegativeInteger
FNF:6
FNH:6
FNDA:58,validateInteger
FNDA:20,validateRange
FNDA:18,validatePort
FNDA:17,parseIntegerString
FNDA:8,validatePositiveInteger
FNDA:9,validateNonNegativeInteger
DA:1,3
DA:2,3
DA:3,3
DA:4,3
DA:5,3
DA:6,3
DA:7,3
DA:8,3
DA:9,3
DA:10,3
DA:11,3
DA:12,3
DA:13,3
DA:14,3
DA:15,3
DA:16,3
DA:17,3
DA:18,3
DA:19,3
DA:20,3
DA:21,3
DA:22,3
DA:23,3
DA:24,3
DA:25,3
DA:26,3
DA:27,3
DA:28,3
DA:29,3
DA:30,3
DA:31,3
DA:32,3
DA:33,3
DA:34,3
DA:35,3
DA:36,3
DA:37,3
DA:38,3
DA:39,3
DA:40,3
DA:41,3
DA:42,3
DA:43,3
DA:44,3
DA:45,3
DA:46,3
DA:47,58
DA:48,10
DA:49,10
DA:50,48
DA:51,58
DA:52,4
DA:53,4
DA:54,44
DA:55,58
DA:56,5
DA:57,5
DA:58,39
DA:59,58
DA:60,5
DA:61,5
DA:62,34
DA:63,34
DA:64,34
DA:65,3
DA:66,3
DA:67,3
DA:68,3
DA:69,3
DA:70,3
DA:71,3
DA:72,3
DA:73,3
DA:74,3
DA:75,3
DA:76,3
DA:77,3
DA:78,3
DA:79,3
DA:80,3
DA:81,3
DA:82,3
DA:83,3
DA:84,3
DA:85,3
DA:86,3
DA:87,3
DA:88,3
DA:89,3
DA:90,3
DA:91,3
DA:92,20
DA:93,7
DA:94,7
DA:95,13
DA:96,20
DA:97,3
DA:98,3
DA:99,10
DA:100,10
DA:101,10
DA:102,3
DA:103,3
DA:104,3
DA:105,3
DA:106,3
DA:107,3
DA:108,3
DA:109,3
DA:110,3
DA:111,3
DA:112,3
DA:113,3
DA:114,3
DA:115,3
DA:116,3
DA:117,3
DA:118,3
DA:119,3
DA:120,3
DA:121,3
DA:122,3
DA:123,3
DA:124,3
DA:125,3
DA:126,3
DA:127,3
DA:128,3
DA:129,3
DA:130,3
DA:131,3
DA:132,3
DA:133,18
DA:134,18
DA:135,18
DA:136,6
DA:137,6
DA:138,12
DA:139,12
DA:140,12
DA:141,12
DA:142,12
DA:143,18
DA:144,7
DA:145,7
DA:146,5
DA:147,5
DA:148,2
DA:149,2
DA:150,5
DA:151,5
DA:152,5
DA:153,3
DA:154,3
DA:155,3
DA:156,3
DA:157,3
DA:158,3
DA:159,3
DA:160,3
DA:161,3
DA:162,3
DA:163,3
DA:164,3
DA:165,3
DA:166,3
DA:167,3
DA:168,3
DA:169,3
DA:170,3
DA:171,3
DA:172,3
DA:173,3
DA:174,3
DA:175,3
DA:176,3
DA:177,3
DA:178,3
DA:179,10
DA:180,10
DA:181,10
DA:182,6
DA:183,6
DA:184,6
DA:185,6
DA:186,6
DA:187,10
DA:188,4
DA:189,4
DA:190,4
DA:191,4
DA:192,4
DA:193,3
DA:194,3
DA:195,3
DA:196,3
DA:197,3
DA:198,3
DA:199,3
DA:200,3
DA:201,3
DA:202,3
DA:203,3
DA:204,3
DA:205,3
DA:206,3
DA:207,3
DA:208,3
DA:209,3
DA:210,3
DA:211,3
DA:212,3
DA:213,3
DA:214,3
DA:215,3
DA:216,3
DA:217,3
DA:218,3
DA:219,11
DA:220,11
DA:221,11
DA:222,6
DA:223,6
DA:224,7
DA:225,7
DA:226,7
DA:227,11
DA:228,4
DA:229,4
DA:230,5
DA:231,5
DA:232,5
DA:233,3
DA:234,3
DA:235,3
DA:236,3
DA:237,3
DA:238,3
DA:239,3
DA:240,3
DA:241,3
DA:242,3
DA:243,3
DA:244,3
DA:245,3
DA:246,3
DA:247,3
DA:248,3
DA:249,3
DA:250,3
DA:251,3
DA:252,3
DA:253,3
DA:254,3
DA:255,3
DA:256,3
DA:257,3
DA:258,3
DA:259,3
DA:260,3
DA:261,3
DA:262,3
DA:263,3
DA:264,18
DA:265,4
DA:266,4
DA:267,15
DA:268,18
DA:269,3
DA:270,3
DA:271,13
DA:272,13
DA:273,13
DA:274,18
DA:275,3
DA:276,3
DA:277,11
DA:278,11
DA:279,11
DA:280,18
DA:281,1
DA:282,1
DA:283,11
DA:284,11
DA:285,11
LF:285
LH:285
BRDA:46,0,0,58
BRDA:47,1,0,10
BRDA:51,2,0,4
BRDA:55,3,0,5
BRDA:59,4,0,5
BRDA:91,5,0,20
BRDA:92,6,0,7
BRDA:96,7,0,3
BRDA:132,8,0,18
BRDA:135,9,0,6
BRDA:143,10,0,7
BRDA:92,11,0,18
BRDA:96,12,0,17
BRDA:145,13,0,5
BRDA:147,14,0,2
BRDA:149,15,0,5
BRDA:49,16,0,48
BRDA:53,17,0,44
BRDA:57,18,0,39
BRDA:61,19,0,34
BRDA:94,20,0,13
BRDA:98,21,0,10
BRDA:137,22,0,12
BRDA:178,23,0,8
BRDA:181,24,0,4
BRDA:187,25,0,2
BRDA:218,26,0,9
BRDA:221,27,0,4
BRDA:223,28,0,5
BRDA:227,29,0,2
BRDA:229,30,0,3
BRDA:263,31,0,17
BRDA:264,32,0,3
BRDA:266,33,0,14
BRDA:268,34,0,2
BRDA:270,35,0,12
BRDA:274,36,0,2
BRDA:276,37,0,10
BRDA:280,38,0,0
BRDA:282,39,0,10
BRF:40
BRH:39
end_of_record
TN:
SF:src/modules/pathValidation.ts
FN:38,validatePath
FN:1,src/modules/pathValidation.ts
FN:85,validateAbsolutePath
FN:128,validateRelativePath
FN:164,validateFileExtension
FN:223,normalizePath
FNF:6
FNH:6
FNDA:60,validatePath
FNDA:2,src/modules/pathValidation.ts
FNDA:17,validateAbsolutePath
FNDA:8,validateRelativePath
FNDA:11,validateFileExtension
FNDA:9,normalizePath
DA:1,4
DA:2,4
DA:3,4
DA:4,4
DA:5,4
DA:6,4
DA:7,4
DA:8,4
DA:9,4
DA:10,4
DA:11,4
DA:12,4
DA:13,4
DA:14,4
DA:15,4
DA:16,4
DA:17,4
DA:18,4
DA:19,4
DA:20,4
DA:21,4
DA:22,4
DA:23,4
DA:24,4
DA:25,4
DA:26,4
DA:27,4
DA:28,4
DA:29,4
DA:30,4
DA:31,4
DA:32,4
DA:33,4
DA:34,4
DA:35,4
DA:36,4
DA:37,4
DA:38,4
DA:39,61
DA:40,61
DA:41,3
DA:42,3
DA:43,59
DA:44,59
DA:45,59
DA:46,59
DA:47,59
DA:48,61
DA:49,8
DA:50,8
DA:51,52
DA:52,52
DA:53,61
DA:54,3
DA:55,3
DA:56,50
DA:57,50
DA:58,50
DA:59,61
DA:60,6
DA:61,6
DA:62,45
DA:63,45
DA:64,45
DA:65,4
DA:66,4
DA:67,4
DA:68,4
DA:69,4
DA:70,4
DA:71,4
DA:72,4
DA:73,4
DA:74,4
DA:75,4
DA:76,4
DA:77,4
DA:78,4
DA:79,4
DA:80,4
DA:81,4
DA:82,4
DA:83,4
DA:84,4
DA:85,4
DA:86,20
DA:87,20
DA:88,20
DA:89,4
DA:90,4
DA:91,19
DA:92,19
DA:93,19
DA:94,19
DA:95,20
DA:96,6
DA:97,6
DA:98,16
DA:99,16
DA:100,20
DA:101,7
DA:102,7
DA:103,12
DA:104,12
DA:105,20
DA:106,5
DA:107,5
DA:108,10
DA:109,10
DA:110,10
DA:111,4
DA:112,4
DA:113,4
DA:114,4
DA:115,4
DA:116,4
DA:117,4
DA:118,4
DA:119,4
DA:120,4
DA:121,4
DA:122,4
DA:123,4
DA:124,4
DA:125,4
DA:126,4
DA:127,4
DA:128,4
DA:129,11
DA:130,11
DA:131,11
DA:132,4
DA:133,4
DA:134,10
DA:135,10
DA:136,10
DA:137,11
DA:138,6
DA:139,6
DA:140,7
DA:141,7
DA:142,7
DA:143,4
DA:144,4
DA:145,4
DA:146,4
DA:147,4
DA:148,4
DA:149,4
DA:150,4
DA:151,4
DA:152,4
DA:153,4
DA:154,4
DA:155,4
DA:156,4
DA:157,4
DA:158,4
DA:159,4
DA:160,4
DA:161,4
DA:162,4
DA:163,4
DA:164,4
DA:165,14
DA:166,14
DA:167,14
DA:168,14
DA:169,14
DA:170,14
DA:171,4
DA:172,4
DA:173,13
DA:174,13
DA:175,14
DA:176,4
DA:177,4
DA:178,12
DA:179,12
DA:180,12
DA:181,12
DA:182,12
DA:183,14
DA:184,4
DA:185,4
DA:186,11
DA:187,11
DA:188,11
DA:189,11
DA:190,11
DA:191,16
DA:192,16
DA:193,11
DA:194,11
DA:195,14
DA:196,5
DA:197,5
DA:198,5
DA:199,5
DA:200,5
DA:201,9
DA:202,9
DA:203,9
DA:204,4
DA:205,4
DA:206,4
DA:207,4
DA:208,4
DA:209,4
DA:210,4
DA:211,4
DA:212,4
DA:213,4
DA:214,4
DA:215,4
DA:216,4
DA:217,4
DA:218,4
DA:219,4
DA:220,4
DA:221,4
DA:222,4
DA:223,4
DA:224,12
DA:225,12
DA:226,12
DA:227,12
DA:228,12
LF:228
LH:228
BRDA:1,0,0,2
BRDA:38,1,0,60
BRDA:40,2,0,2
BRDA:48,3,0,7
BRDA:50,4,0,58
BRDA:53,5,0,2
BRDA:55,6,0,49
BRDA:59,7,0,5
BRDA:61,8,0,44
BRDA:40,9,0,59
BRDA:42,10,0,58
BRDA:50,11,0,51
BRDA:53,12,0,50
BRDA:85,13,0,17
BRDA:88,14,0,1
BRDA:90,15,0,16
BRDA:95,16,0,3
BRDA:97,17,0,13
BRDA:100,18,0,4
BRDA:102,19,0,9
BRDA:105,20,0,2
BRDA:107,21,0,7
BRDA:128,22,0,8
BRDA:131,23,0,1
BRDA:133,24,0,7
BRDA:137,25,0,3
BRDA:139,26,0,4
BRDA:164,27,0,11
BRDA:170,28,0,1
BRDA:172,29,0,10
BRDA:175,30,0,1
BRDA:177,31,0,9
BRDA:183,32,0,1
BRDA:185,33,0,8
BRDA:195,34,0,2
BRDA:200,35,0,6
BRDA:190,36,0,13
BRDA:192,37,0,9
BRDA:192,38,0,4
BRDA:223,39,0,9
BRF:40
BRH:40
end_of_record
TN:
SF:src/modules/portManager.ts
FN:45,getPortRegistry
FN:59,savePortRegistry
FN:89,findAvailablePort
FN:152,isPortAvailable
FN:191,releasePort
FNF:5
FNH:5
FNDA:22,getPortRegistry
FNDA:22,savePortRegistry
FNDA:16,findAvailablePort
FNDA:77,isPortAvailable
FNDA:6,releasePort
DA:1,2
DA:2,2
DA:3,2
DA:4,2
DA:5,2
DA:6,2
DA:7,2
DA:8,2
DA:9,2
DA:10,2
DA:11,2
DA:12,2
DA:13,2
DA:14,2
DA:15,2
DA:16,2
DA:17,2
DA:18,2
DA:19,2
DA:20,2
DA:21,2
DA:22,2
DA:23,2
DA:24,2
DA:25,2
DA:26,2
DA:27,2
DA:28,2
DA:29,2
DA:30,2
DA:31,2
DA:32,2
DA:33,2
DA:34,2
DA:35,2
DA:36,2
DA:37,2
DA:38,2
DA:39,2
DA:40,2
DA:41,2
DA:42,2
DA:43,2
DA:44,2
DA:45,22
DA:46,22
DA:47,22
DA:48,2
DA:49,2
DA:50,2
DA:51,2
DA:52,2
DA:53,2
DA:54,2
DA:55,2
DA:56,2
DA:57,2
DA:58,2
DA:59,22
DA:60,22
DA:61,21
DA:62,2
DA:63,2
DA:64,2
DA:65,2
DA:66,2
DA:67,2
DA:68,2
DA:69,2
DA:70,2
DA:71,2
DA:72,2
DA:73,2
DA:74,2
DA:75,2
DA:76,2
DA:77,2
DA:78,2
DA:79,2
DA:80,2
DA:81,2
DA:82,2
DA:83,2
DA:84,2
DA:85,2
DA:86,2
DA:87,2
DA:88,2
DA:89,16
DA:90,16
DA:91,16
DA:92,16
DA:93,16
DA:94,16
DA:95,16
DA:96,16
DA:97,16
DA:98,16
DA:99,16
DA:100,16
DA:101,1
DA:102,1
DA:103,1
DA:104,1
DA:105,1
DA:106,1
DA:107,15
DA:108,15
DA:109,15
DA:110,15
DA:111,15
DA:112,16
DA:113,77
DA:114,77
DA:115,77
DA:116,77
DA:117,77
DA:118,15
DA:119,15
DA:120,15
DA:121,77
DA:122,77
DA:123,15
DA:124,15
DA:125,15
DA:126,15
DA:127,15
DA:128,15
DA:129,15
DA:130,15
DA:131,15
DA:132,15
DA:133,15
DA:134,15
DA:135,15
DA:136,2
DA:137,2
DA:138,2
DA:139,2
DA:140,2
DA:141,2
DA:142,2
DA:143,2
DA:144,2
DA:145,2
DA:146,2
DA:147,2
DA:148,2
DA:149,2
DA:150,2
DA:151,2
DA:152,77
DA:153,77
DA:154,77
DA:155,77
DA:156,77
DA:157,62
DA:158,62
DA:159,62
DA:160,0
DA:161,0
DA:162,77
DA:163,77
DA:164,77
DA:165,15
DA:166,15
DA:167,77
DA:168,77
DA:169,77
DA:170,77
DA:171,77
DA:172,2
DA:173,2
DA:174,2
DA:175,2
DA:176,2
DA:177,2
DA:178,2
DA:179,2
DA:180,2
DA:181,2
DA:182,2
DA:183,2
DA:184,2
DA:185,2
DA:186,2
DA:187,2
DA:188,2
DA:189,2
DA:190,2
DA:191,6
DA:192,6
DA:193,6
DA:194,6
DA:195,6
DA:196,2
DA:197,6
DA:198,6
DA:199,6
DA:200,5
DA:201,5
LF:201
LH:199
BRDA:45,0,0,22
BRDA:59,1,0,22
BRDA:60,2,0,21
BRDA:89,3,0,16
BRDA:92,4,0,0
BRDA:100,5,0,1
BRDA:112,6,0,77
BRDA:117,7,0,15
BRDA:152,8,0,77
BRDA:153,9,0,77
BRDA:156,10,0,62
BRDA:159,11,0,0
BRDA:164,12,0,15
BRDA:191,13,0,6
BRDA:193,14,0,0
BRDA:199,15,0,5
BRDA:195,16,0,2
BRDA:106,17,0,15
BRDA:122,18,0,15
BRDA:96,19,0,2
BRDA:99,20,0,2
BRF:21
BRH:18
end_of_record
TN:
SF:src/modules/server.ts
FN:40,isValidPort
FN:77,startServer
FN:138,dispose
FN:160,stopServer
FN:184,getServer
FN:231,handleRequest
FN:279,handleHelp
FN:400,handleGetTasks
FN:415,handleCreateTask
FN:479,handleUpdateTask
FN:521,handleDeleteTask
FN:545,handleFeedback
FN:602,handleRestartApp
FN:650,readRequestBody
FN:678,handleGetQueue
FN:692,handleEnqueueInstruction
FN:724,handleProcessQueue
FN:753,handleGetQueueStats
FN:767,handleDeleteFromQueue
FN:794,handleClearQueue
FNF:20
FNH:17
FNDA:5,isValidPort
FNDA:5,startServer
FNDA:1,dispose
FNDA:2,stopServer
FNDA:1,getServer
FNDA:20,handleRequest
FNDA:2,handleHelp
FNDA:1,handleGetTasks
FNDA:4,handleCreateTask
FNDA:0,handleUpdateTask
FNDA:0,handleDeleteTask
FNDA:3,handleFeedback
FNDA:0,handleRestartApp
FNDA:9,readRequestBody
FNDA:1,handleGetQueue
FNDA:2,handleEnqueueInstruction
FNDA:2,handleProcessQueue
FNDA:1,handleGetQueueStats
FNDA:2,handleDeleteFromQueue
FNDA:1,handleClearQueue
DA:1,2
DA:2,2
DA:3,2
DA:4,2
DA:5,2
DA:6,2
DA:7,2
DA:8,2
DA:9,2
DA:10,2
DA:11,2
DA:12,2
DA:13,2
DA:14,2
DA:15,2
DA:16,2
DA:17,2
DA:18,2
DA:19,2
DA:20,2
DA:21,2
DA:22,2
DA:23,2
DA:24,2
DA:25,2
DA:26,2
DA:27,2
DA:28,2
DA:29,2
DA:30,2
DA:31,2
DA:32,2
DA:33,2
DA:34,2
DA:35,2
DA:36,2
DA:37,2
DA:38,2
DA:39,2
DA:40,5
DA:41,5
DA:42,5
DA:43,5
DA:44,2
DA:45,2
DA:46,2
DA:47,2
DA:48,2
DA:49,2
DA:50,2
DA:51,2
DA:52,2
DA:53,2
DA:54,2
DA:55,2
DA:56,2
DA:57,2
DA:58,2
DA:59,2
DA:60,2
DA:61,2
DA:62,2
DA:63,2
DA:64,2
DA:65,2
DA:66,2
DA:67,2
DA:68,2
DA:69,2
DA:70,2
DA:71,2
DA:72,2
DA:73,2
DA:74,2
DA:75,2
DA:76,2
DA:77,2
DA:78,5
DA:79,5
DA:80,5
DA:81,5
DA:82,5
DA:83,5
DA:84,3
DA:85,3
DA:86,3
DA:87,3
DA:88,2
DA:89,2
DA:90,21
DA:91,21
DA:92,0
DA:93,0
DA:94,0
DA:95,0
DA:96,0
DA:97,21
DA:98,21
DA:99,21
DA:100,21
DA:101,21
DA:102,21
DA:103,21
DA:104,21
DA:105,21
DA:106,1
DA:107,1
DA:108,1
DA:109,1
DA:110,20
DA:111,20
DA:112,20
DA:113,21
DA:114,0
DA:115,0
DA:116,0
DA:117,0
DA:118,0
DA:119,0
DA:120,2
DA:121,2
DA:122,2
DA:123,2
DA:124,2
DA:125,2
DA:126,2
DA:127,2
DA:128,2
DA:129,0
DA:130,0
DA:131,0
DA:132,0
DA:133,0
DA:134,2
DA:135,2
DA:136,2
DA:137,2
DA:138,2
DA:139,1
DA:140,1
DA:141,2
DA:142,2
DA:143,2
DA:144,2
DA:145,2
DA:146,2
DA:147,2
DA:148,2
DA:149,2
DA:150,2
DA:151,2
DA:152,2
DA:153,2
DA:154,2
DA:155,2
DA:156,2
DA:157,2
DA:158,2
DA:159,2
DA:160,2
DA:161,2
DA:162,1
DA:163,1
DA:164,1
DA:165,1
DA:166,2
DA:167,2
DA:168,2
DA:169,2
DA:170,2
DA:171,2
DA:172,2
DA:173,2
DA:174,2
DA:175,2
DA:176,2
DA:177,2
DA:178,2
DA:179,2
DA:180,2
DA:181,2
DA:182,2
DA:183,2
DA:184,2
DA:185,2
DA:186,2
DA:187,2
DA:188,2
DA:189,2
DA:190,2
DA:191,2
DA:192,2
DA:193,2
DA:194,2
DA:195,2
DA:196,2
DA:197,2
DA:198,2
DA:199,2
DA:200,2
DA:201,2
DA:202,2
DA:203,2
DA:204,2
DA:205,2
DA:206,2
DA:207,2
DA:208,2
DA:209,2
DA:210,2
DA:211,2
DA:212,2
DA:213,2
DA:214,2
DA:215,2
DA:216,2
DA:217,2
DA:218,2
DA:219,2
DA:220,2
DA:221,2
DA:222,2
DA:223,2
DA:224,2
DA:225,2
DA:226,2
DA:227,2
DA:228,2
DA:229,2
DA:230,2
DA:231,20
DA:232,20
DA:233,20
DA:234,20
DA:235,20
DA:236,20
DA:237,20
DA:238,20
DA:239,20
DA:240,20
DA:241,20
DA:242,20
DA:243,20
DA:244,20
DA:245,2
DA:246,20
DA:247,1
DA:248,18
DA:249,4
DA:250,17
DA:251,0
DA:252,13
DA:253,0
DA:254,13
DA:255,3
DA:256,13
DA:257,0
DA:258,10
DA:259,1
DA:260,10
DA:261,2
DA:262,9
DA:263,2
DA:264,7
DA:265,1
DA:266,5
DA:267,2
DA:268,2
DA:269,1
DA:270,1
DA:271,1
DA:272,1
DA:273,1
DA:274,20
DA:275,2
DA:276,2
DA:277,2
DA:278,2
DA:279,2
DA:280,2
DA:281,2
DA:282,2
DA:283,2
DA:284,2
DA:285,2
DA:286,2
DA:287,2
DA:288,2
DA:289,2
DA:290,2
DA:291,2
DA:292,2
DA:293,2
DA:294,2
DA:295,2
DA:296,2
DA:297,2
DA:298,2
DA:299,2
DA:300,2
DA:301,2
DA:302,2
DA:303,2
DA:304,2
DA:305,2
DA:306,2
DA:307,2
DA:308,2
DA:309,2
DA:310,2
DA:311,2
DA:312,2
DA:313,2
DA:314,2
DA:315,2
DA:316,2
DA:317,2
DA:318,2
DA:319,2
DA:320,2
DA:321,2
DA:322,2
DA:323,2
DA:324,2
DA:325,2
DA:326,2
DA:327,2
DA:328,2
DA:329,2
DA:330,2
DA:331,2
DA:332,2
DA:333,2
DA:334,2
DA:335,2
DA:336,2
DA:337,2
DA:338,2
DA:339,2
DA:340,2
DA:341,2
DA:342,2
DA:343,2
DA:344,2
DA:345,2
DA:346,2
DA:347,2
DA:348,2
DA:349,2
DA:350,2
DA:351,2
DA:352,2
DA:353,2
DA:354,2
DA:355,2
DA:356,2
DA:357,2
DA:358,2
DA:359,2
DA:360,2
DA:361,2
DA:362,2
DA:363,2
DA:364,2
DA:365,2
DA:366,2
DA:367,2
DA:368,2
DA:369,2
DA:370,2
DA:371,2
DA:372,2
DA:373,2
DA:374,2
DA:375,2
DA:376,2
DA:377,2
DA:378,2
DA:379,2
DA:380,2
DA:381,2
DA:382,2
DA:383,2
DA:384,2
DA:385,2
DA:386,2
DA:387,2
DA:388,2
DA:389,2
DA:390,2
DA:391,2
DA:392,2
DA:393,2
DA:394,2
DA:395,2
DA:396,2
DA:397,2
DA:398,2
DA:399,2
DA:400,1
DA:401,1
DA:402,1
DA:403,1
DA:404,1
DA:405,1
DA:406,0
DA:407,0
DA:408,0
DA:409,0
DA:410,1
DA:411,2
DA:412,2
DA:413,2
DA:414,2
DA:415,4
DA:416,4
DA:417,4
DA:418,4
DA:419,4
DA:420,4
DA:421,4
DA:422,4
DA:423,4
DA:424,4
DA:425,4
DA:426,1
DA:427,1
DA:428,1
DA:429,1
DA:430,2
DA:431,2
DA:432,2
DA:433,4
DA:434,0
DA:435,0
DA:436,0
DA:437,0
DA:438,4
DA:439,1
DA:440,1
DA:441,1
DA:442,1
DA:443,1
DA:444,1
DA:445,4
DA:446,4
DA:447,0
DA:448,0
DA:449,0
DA:450,0
DA:451,1
DA:452,1
DA:453,4
DA:454,4
DA:455,4
DA:456,1
DA:457,1
DA:458,1
DA:459,1
DA:460,1
DA:461,1
DA:462,1
DA:463,1
DA:464,1
DA:465,1
DA:466,0
DA:467,0
DA:468,0
DA:469,0
DA:470,0
DA:471,0
DA:472,0
DA:473,1
DA:474,4
DA:475,2
DA:476,2
DA:477,2
DA:478,2
DA:479,0
DA:480,0
DA:481,0
DA:482,0
DA:483,0
DA:484,0
DA:485,0
DA:486,0
DA:487,0
DA:488,0
DA:489,0
DA:490,0
DA:491,0
DA:492,0
DA:493,0
DA:494,0
DA:495,0
DA:496,0
DA:497,0
DA:498,0
DA:499,0
DA:500,0
DA:501,0
DA:502,0
DA:503,0
DA:504,0
DA:505,0
DA:506,0
DA:507,0
DA:508,0
DA:509,0
DA:510,0
DA:511,0
DA:512,0
DA:513,0
DA:514,0
DA:515,0
DA:516,0
DA:517,2
DA:518,2
DA:519,2
DA:520,2
DA:521,0
DA:522,0
DA:523,0
DA:524,0
DA:525,0
DA:526,0
DA:527,0
DA:528,0
DA:529,0
DA:530,0
DA:531,0
DA:532,0
DA:533,0
DA:534,0
DA:535,0
DA:536,0
DA:537,0
DA:538,0
DA:539,0
DA:540,0
DA:541,2
DA:542,2
DA:543,2
DA:544,2
DA:545,3
DA:546,3
DA:547,3
DA:548,3
DA:549,3
DA:550,3
DA:551,3
DA:552,3
DA:553,3
DA:554,3
DA:555,3
DA:556,0
DA:557,0
DA:558,3
DA:559,3
DA:560,2
DA:561,2
DA:562,1
DA:563,1
DA:564,3
DA:565,0
DA:566,0
DA:567,1
DA:568,3
DA:569,0
DA:570,0
DA:571,1
DA:572,1
DA:573,1
DA:574,1
DA:575,1
DA:576,1
DA:577,1
DA:578,1
DA:579,1
DA:580,1
DA:581,1
DA:582,3
DA:583,3
DA:584,3
DA:585,3
DA:586,2
DA:587,2
DA:588,2
DA:589,2
DA:590,0
DA:591,0
DA:592,2
DA:593,2
DA:594,2
DA:595,2
DA:596,2
DA:597,3
DA:598,2
DA:599,2
DA:600,2
DA:601,2
DA:602,0
DA:603,0
DA:604,0
DA:605,0
DA:606,0
DA:607,0
DA:608,0
DA:609,0
DA:610,0
DA:611,0
DA:612,0
DA:613,0
DA:614,0
DA:615,0
DA:616,0
DA:617,0
DA:618,0
DA:619,0
DA:620,0
DA:621,0
DA:622,0
DA:623,0
DA:624,0
DA:625,0
DA:626,0
DA:627,0
DA:628,0
DA:629,0
DA:630,0
DA:631,0
DA:632,0
DA:633,0
DA:634,0
DA:635,0
DA:636,0
DA:637,0
DA:638,0
DA:639,0
DA:640,0
DA:641,0
DA:642,0
DA:643,0
DA:644,0
DA:645,0
DA:646,2
DA:647,2
DA:648,2
DA:649,2
DA:650,9
DA:651,9
DA:652,9
DA:653,9
DA:654,9
DA:655,9
DA:656,9
DA:657,9
DA:658,0
DA:659,0
DA:660,0
DA:661,0
DA:662,9
DA:663,9
DA:664,9
DA:665,9
DA:666,9
DA:667,9
DA:668,9
DA:669,9
DA:670,0
DA:671,9
DA:672,9
DA:673,9
DA:674,2
DA:675,2
DA:676,2
DA:677,2
DA:678,1
DA:679,1
DA:680,1
DA:681,1
DA:682,1
DA:683,1
DA:684,0
DA:685,0
DA:686,0
DA:687,1
DA:688,2
DA:689,2
DA:690,2
DA:691,2
DA:692,2
DA:693,2
DA:694,2
DA:695,2
DA:696,2
DA:697,2
DA:698,1
DA:699,1
DA:700,1
DA:701,1
DA:702,1
DA:703,2
DA:704,2
DA:705,2
DA:706,2
DA:707,2
DA:708,2
DA:709,2
DA:710,2
DA:711,2
DA:712,2
DA:713,2
DA:714,2
DA:715,2
DA:716,0
DA:717,0
DA:718,0
DA:719,2
DA:720,2
DA:721,2
DA:722,2
DA:723,2
DA:724,2
DA:725,2
DA:726,2
DA:727,2
DA:728,2
DA:729,2
DA:730,2
DA:731,2
DA:732,1
DA:733,1
DA:734,1
DA:735,1
DA:736,1
DA:737,1
DA:738,1
DA:739,1
DA:740,1
DA:741,1
DA:742,1
DA:743,1
DA:744,2
DA:745,0
DA:746,0
DA:747,0
DA:748,2
DA:749,2
DA:750,2
DA:751,2
DA:752,2
DA:753,1
DA:754,1
DA:755,1
DA:756,1
DA:757,1
DA:758,1
DA:759,0
DA:760,0
DA:761,0
DA:762,1
DA:763,2
DA:764,2
DA:765,2
DA:766,2
DA:767,2
DA:768,2
DA:769,2
DA:770,2
DA:771,0
DA:772,0
DA:773,0
DA:774,0
DA:775,2
DA:776,2
DA:777,2
DA:778,2
DA:779,1
DA:780,1
DA:781,1
DA:782,1
DA:783,1
DA:784,1
DA:785,2
DA:786,0
DA:787,0
DA:788,0
DA:789,2
DA:790,2
DA:791,2
DA:792,2
DA:793,2
DA:794,1
DA:795,1
DA:796,1
DA:797,1
DA:798,1
DA:799,1
DA:800,1
DA:801,1
DA:802,1
DA:803,0
DA:804,0
DA:805,0
DA:806,1
LF:806
LH:631
BRDA:40,0,0,5
BRDA:77,1,0,5
BRDA:83,2,0,3
BRDA:123,3,0,2
BRDA:138,4,0,2
BRDA:160,5,0,2
BRDA:161,6,0,1
BRDA:184,7,0,1
BRDA:87,8,0,2
BRDA:89,9,0,22
BRDA:105,10,0,2
BRDA:109,11,0,21
BRDA:113,12,0,1
BRDA:231,13,0,20
BRDA:238,14,0,0
BRDA:239,15,0,0
BRDA:244,16,0,19
BRDA:244,17,0,2
BRDA:246,18,0,18
BRDA:246,19,0,5
BRDA:246,20,0,1
BRDA:248,21,0,17
BRDA:248,22,0,4
BRDA:248,23,0,4
BRDA:250,24,0,13
BRDA:250,25,0,0
BRDA:250,26,0,0
BRDA:252,27,0,0
BRDA:252,28,0,0
BRDA:254,29,0,3
BRDA:254,30,0,3
BRDA:256,31,0,10
BRDA:256,32,0,0
BRDA:258,33,0,3
BRDA:258,34,0,1
BRDA:260,35,0,9
BRDA:260,36,0,2
BRDA:260,37,0,2
BRDA:262,38,0,7
BRDA:262,39,0,2
BRDA:262,40,0,2
BRDA:264,41,0,5
BRDA:264,42,0,1
BRDA:264,43,0,1
BRDA:266,44,0,4
BRDA:266,45,0,3
BRDA:266,46,0,2
BRDA:268,47,0,1
BRDA:268,48,0,1
BRDA:279,49,0,2
BRDA:400,50,0,1
BRDA:405,51,0,0
BRDA:415,52,0,4
BRDA:425,53,0,2
BRDA:425,54,0,1
BRDA:429,55,0,2
BRDA:433,56,0,0
BRDA:437,57,0,2
BRDA:438,58,0,1
BRDA:445,59,0,0
BRDA:446,60,0,0
BRDA:450,61,0,1
BRDA:453,62,0,0
BRDA:455,63,0,1
BRDA:465,64,0,0
BRDA:545,65,0,3
BRDA:555,66,0,0
BRDA:559,67,0,1
BRDA:559,68,0,2
BRDA:561,69,0,1
BRDA:564,70,0,0
BRDA:566,71,0,1
BRDA:568,72,0,0
BRDA:570,73,0,1
BRDA:582,74,0,0
BRDA:585,75,0,2
BRDA:589,76,0,0
BRDA:650,77,0,9
BRDA:651,78,0,9
BRDA:655,79,0,9
BRDA:657,80,0,0
BRDA:665,81,0,9
BRDA:678,82,0,1
BRDA:683,83,0,0
BRDA:692,84,0,2
BRDA:697,85,0,1
BRDA:697,86,0,1
BRDA:703,87,0,0
BRDA:704,88,0,0
BRDA:705,89,0,0
BRDA:715,90,0,0
BRDA:724,91,0,2
BRDA:731,92,0,1
BRDA:744,93,0,0
BRDA:753,94,0,1
BRDA:758,95,0,0
BRDA:767,96,0,2
BRDA:770,97,0,0
BRDA:778,98,0,1
BRDA:785,99,0,0
BRDA:794,100,0,1
BRDA:802,101,0,0
BRF:102
BRH:73
end_of_record
TN:
SF:src/modules/settingsPanel.ts
FN:16,showSettingsPanel
FN:80,handleWebviewMessage
FN:163,handleRunNow
FN:190,handleSendInstructions
FN:245,handleSaveNewTask
FN:265,handleUpdateTaskField
FN:295,handleUpdateTaskStatus
FN:315,handleCreateTask2
FN:330,handleClearCompleted
FN:350,getSettingsHtml
FN:573,getSettingsStyles
FN:706,getSettingsScript
FN:888,refreshSettingsPanel
FNF:13
FNH:5
FNDA:1,showSettingsPanel
FNDA:0,handleWebviewMessage
FNDA:0,handleRunNow
FNDA:0,handleSendInstructions
FNDA:0,handleSaveNewTask
FNDA:0,handleUpdateTaskField
FNDA:0,handleUpdateTaskStatus
FNDA:0,handleCreateTask2
FNDA:0,handleClearCompleted
FNDA:4,getSettingsHtml
FNDA:4,getSettingsStyles
FNDA:4,getSettingsScript
FNDA:5,refreshSettingsPanel
DA:1,1
DA:2,1
DA:3,1
DA:4,1
DA:5,1
DA:6,1
DA:7,1
DA:8,1
DA:9,1
DA:10,1
DA:11,1
DA:12,1
DA:13,1
DA:14,1
DA:15,1
DA:16,1
DA:17,1
DA:18,1
DA:19,1
DA:20,1
DA:21,1
DA:22,1
DA:23,1
DA:24,1
DA:25,1
DA:26,0
DA:27,0
DA:28,0
DA:29,0
DA:30,0
DA:31,0
DA:32,0
DA:33,1
DA:34,1
DA:35,1
DA:36,1
DA:37,1
DA:38,1
DA:39,1
DA:40,1
DA:41,1
DA:42,1
DA:43,1
DA:44,1
DA:45,1
DA:46,1
DA:47,1
DA:48,1
DA:49,0
DA:50,1
DA:51,1
DA:52,1
DA:53,1
DA:54,1
DA:55,1
DA:56,1
DA:57,1
DA:58,1
DA:59,1
DA:60,1
DA:61,0
DA:62,0
DA:63,0
DA:64,0
DA:65,0
DA:66,0
DA:67,0
DA:68,0
DA:69,0
DA:70,0
DA:71,0
DA:72,1
DA:73,1
DA:74,1
DA:75,1
DA:76,1
DA:77,1
DA:78,1
DA:79,1
DA:80,0
DA:81,0
DA:82,0
DA:83,0
DA:84,0
DA:85,0
DA:86,0
DA:87,0
DA:88,0
DA:89,0
DA:90,0
DA:91,0
DA:92,0
DA:93,0
DA:94,0
DA:95,0
DA:96,0
DA:97,0
DA:98,0
DA:99,0
DA:100,0
DA:101,0
DA:102,0
DA:103,0
DA:104,0
DA:105,0
DA:106,0
DA:107,0
DA:108,0
DA:109,0
DA:110,0
DA:111,0
DA:112,0
DA:113,0
DA:114,0
DA:115,0
DA:116,0
DA:117,0
DA:118,0
DA:119,0
DA:120,0
DA:121,0
DA:122,0
DA:123,0
DA:124,0
DA:125,0
DA:126,0
DA:127,0
DA:128,0
DA:129,0
DA:130,0
DA:131,0
DA:132,0
DA:133,0
DA:134,0
DA:135,0
DA:136,0
DA:137,0
DA:138,0
DA:139,0
DA:140,0
DA:141,0
DA:142,0
DA:143,0
DA:144,0
DA:145,0
DA:146,0
DA:147,0
DA:148,0
DA:149,0
DA:150,0
DA:151,0
DA:152,0
DA:153,0
DA:154,0
DA:155,0
DA:156,0
DA:157,0
DA:158,0
DA:159,1
DA:160,1
DA:161,1
DA:162,1
DA:163,0
DA:164,0
DA:165,0
DA:166,0
DA:167,0
DA:168,0
DA:169,0
DA:170,0
DA:171,0
DA:172,0
DA:173,0
DA:174,0
DA:175,0
DA:176,0
DA:177,0
DA:178,0
DA:179,0
DA:180,0
DA:181,0
DA:182,0
DA:183,0
DA:184,0
DA:185,0
DA:186,1
DA:187,1
DA:188,1
DA:189,1
DA:190,0
DA:191,0
DA:192,0
DA:193,0
DA:194,0
DA:195,0
DA:196,0
DA:197,0
DA:198,0
DA:199,0
DA:200,0
DA:201,0
DA:202,0
DA:203,0
DA:204,0
DA:205,0
DA:206,0
DA:207,0
DA:208,0
DA:209,0
DA:210,0
DA:211,0
DA:212,0
DA:213,0
DA:214,0
DA:215,0
DA:216,0
DA:217,0
DA:218,0
DA:219,0
DA:220,0
DA:221,0
DA:222,0
DA:223,0
DA:224,0
DA:225,0
DA:226,0
DA:227,0
DA:228,0
DA:229,0
DA:230,0
DA:231,0
DA:232,0
DA:233,0
DA:234,0
DA:235,0
DA:236,0
DA:237,0
DA:238,0
DA:239,0
DA:240,0
DA:241,1
DA:242,1
DA:243,1
DA:244,1
DA:245,0
DA:246,0
DA:247,0
DA:248,0
DA:249,0
DA:250,0
DA:251,0
DA:252,0
DA:253,0
DA:254,0
DA:255,0
DA:256,0
DA:257,0
DA:258,0
DA:259,0
DA:260,0
DA:261,1
DA:262,1
DA:263,1
DA:264,1
DA:265,0
DA:266,0
DA:267,0
DA:268,0
DA:269,0
DA:270,0
DA:271,0
DA:272,0
DA:273,0
DA:274,0
DA:275,0
DA:276,0
DA:277,0
DA:278,0
DA:279,0
DA:280,0
DA:281,0
DA:282,0
DA:283,0
DA:284,0
DA:285,0
DA:286,0
DA:287,0
DA:288,0
DA:289,0
DA:290,0
DA:291,1
DA:292,1
DA:293,1
DA:294,1
DA:295,0
DA:296,0
DA:297,0
DA:298,0
DA:299,0
DA:300,0
DA:301,0
DA:302,0
DA:303,0
DA:304,0
DA:305,0
DA:306,0
DA:307,0
DA:308,0
DA:309,0
DA:310,0
DA:311,1
DA:312,1
DA:313,1
DA:314,1
DA:315,0
DA:316,0
DA:317,0
DA:318,0
DA:319,0
DA:320,0
DA:321,0
DA:322,0
DA:323,0
DA:324,0
DA:325,0
DA:326,1
DA:327,1
DA:328,1
DA:329,1
DA:330,0
DA:331,0
DA:332,0
DA:333,0
DA:334,0
DA:335,0
DA:336,0
DA:337,0
DA:338,0
DA:339,0
DA:340,0
DA:341,0
DA:342,0
DA:343,0
DA:344,0
DA:345,0
DA:346,1
DA:347,1
DA:348,1
DA:349,1
DA:350,4
DA:351,4
DA:352,4
DA:353,4
DA:354,4
DA:355,4
DA:356,4
DA:357,4
DA:358,4
DA:359,4
DA:360,4
DA:361,4
DA:362,4
DA:363,4
DA:364,4
DA:365,4
DA:366,24
DA:367,24
DA:368,24
DA:369,24
DA:370,24
DA:371,24
DA:372,24
DA:373,24
DA:374,24
DA:375,24
DA:376,24
DA:377,24
DA:378,24
DA:379,24
DA:380,24
DA:381,24
DA:382,24
DA:383,24
DA:384,24
DA:385,24
DA:386,24
DA:387,24
DA:388,24
DA:389,24
DA:390,24
DA:391,24
DA:392,4
DA:393,4
DA:394,4
DA:395,4
DA:396,4
DA:397,4
DA:398,4
DA:399,4
DA:400,4
DA:401,4
DA:402,4
DA:403,0
DA:404,0
DA:405,4
DA:406,4
DA:407,4
DA:408,0
DA:409,0
DA:410,0
DA:411,0
DA:412,0
DA:413,0
DA:414,0
DA:415,0
DA:416,0
DA:417,0
DA:418,0
DA:419,0
DA:420,0
DA:421,0
DA:422,0
DA:423,0
DA:424,0
DA:425,0
DA:426,0
DA:427,0
DA:428,0
DA:429,0
DA:430,0
DA:431,0
DA:432,0
DA:433,0
DA:434,0
DA:435,0
DA:436,0
DA:437,0
DA:438,0
DA:439,4
DA:440,4
DA:441,4
DA:442,4
DA:443,4
DA:444,0
DA:445,0
DA:446,0
DA:447,0
DA:448,0
DA:449,0
DA:450,0
DA:451,0
DA:452,0
DA:453,0
DA:454,0
DA:455,0
DA:456,0
DA:457,0
DA:458,0
DA:459,0
DA:460,0
DA:461,0
DA:462,0
DA:463,0
DA:464,0
DA:465,0
DA:466,0
DA:467,0
DA:468,0
DA:469,4
DA:470,4
DA:471,4
DA:472,4
DA:473,4
DA:474,4
DA:475,4
DA:476,4
DA:477,4
DA:478,4
DA:479,4
DA:480,4
DA:481,4
DA:482,4
DA:483,4
DA:484,4
DA:485,4
DA:486,4
DA:487,4
DA:488,4
DA:489,4
DA:490,4
DA:491,4
DA:492,4
DA:493,4
DA:494,4
DA:495,4
DA:496,4
DA:497,4
DA:498,4
DA:499,4
DA:500,4
DA:501,4
DA:502,4
DA:503,4
DA:504,4
DA:505,4
DA:506,4
DA:507,4
DA:508,4
DA:509,4
DA:510,4
DA:511,4
DA:512,4
DA:513,4
DA:514,4
DA:515,4
DA:516,4
DA:517,4
DA:518,4
DA:519,4
DA:520,4
DA:521,4
DA:522,4
DA:523,4
DA:524,4
DA:525,4
DA:526,4
DA:527,4
DA:528,4
DA:529,4
DA:530,4
DA:531,4
DA:532,4
DA:533,4
DA:534,4
DA:535,4
DA:536,4
DA:537,4
DA:538,4
DA:539,4
DA:540,4
DA:541,4
DA:542,4
DA:543,4
DA:544,4
DA:545,4
DA:546,4
DA:547,4
DA:548,4
DA:549,4
DA:550,4
DA:551,4
DA:552,4
DA:553,4
DA:554,4
DA:555,4
DA:556,4
DA:557,4
DA:558,4
DA:559,4
DA:560,4
DA:561,4
DA:562,4
DA:563,4
DA:564,4
DA:565,4
DA:566,4
DA:567,4
DA:568,4
DA:569,1
DA:570,1
DA:571,1
DA:572,1
DA:573,4
DA:574,4
DA:575,4
DA:576,4
DA:577,4
DA:578,4
DA:579,4
DA:580,4
DA:581,4
DA:582,4
DA:583,4
DA:584,4
DA:585,4
DA:586,4
DA:587,4
DA:588,4
DA:589,4
DA:590,4
DA:591,4
DA:592,4
DA:593,4
DA:594,4
DA:595,4
DA:596,4
DA:597,4
DA:598,4
DA:599,4
DA:600,4
DA:601,4
DA:602,4
DA:603,4
DA:604,4
DA:605,4
DA:606,4
DA:607,4
DA:608,4
DA:609,4
DA:610,4
DA:611,4
DA:612,4
DA:613,4
DA:614,4
DA:615,4
DA:616,4
DA:617,4
DA:618,4
DA:619,4
DA:620,4
DA:621,4
DA:622,4
DA:623,4
DA:624,4
DA:625,4
DA:626,4
DA:627,4
DA:628,4
DA:629,4
DA:630,4
DA:631,4
DA:632,4
DA:633,4
DA:634,4
DA:635,4
DA:636,4
DA:637,4
DA:638,4
DA:639,4
DA:640,4
DA:641,4
DA:642,4
DA:643,4
DA:644,4
DA:645,4
DA:646,4
DA:647,4
DA:648,4
DA:649,4
DA:650,4
DA:651,4
DA:652,4
DA:653,4
DA:654,4
DA:655,4
DA:656,4
DA:657,4
DA:658,4
DA:659,4
DA:660,4
DA:661,4
DA:662,4
DA:663,4
DA:664,4
DA:665,4
DA:666,4
DA:667,4
DA:668,4
DA:669,4
DA:670,4
DA:671,4
DA:672,4
DA:673,4
DA:674,4
DA:675,4
DA:676,4
DA:677,4
DA:678,4
DA:679,4
DA:680,4
DA:681,4
DA:682,4
DA:683,4
DA:684,4
DA:685,4
DA:686,4
DA:687,4
DA:688,4
DA:689,4
DA:690,4
DA:691,4
DA:692,4
DA:693,4
DA:694,4
DA:695,4
DA:696,4
DA:697,4
DA:698,4
DA:699,4
DA:700,4
DA:701,4
DA:702,1
DA:703,1
DA:704,1
DA:705,1
DA:706,4
DA:707,4
DA:708,4
DA:709,4
DA:710,4
DA:711,4
DA:712,4
DA:713,4
DA:714,4
DA:715,4
DA:716,4
DA:717,4
DA:718,4
DA:719,4
DA:720,4
DA:721,4
DA:722,4
DA:723,4
DA:724,4
DA:725,4
DA:726,4
DA:727,4
DA:728,4
DA:729,4
DA:730,4
DA:731,4
DA:732,4
DA:733,4
DA:734,4
DA:735,4
DA:736,4
DA:737,4
DA:738,4
DA:739,4
DA:740,4
DA:741,4
DA:742,4
DA:743,4
DA:744,4
DA:745,4
DA:746,4
DA:747,4
DA:748,4
DA:749,4
DA:750,4
DA:751,4
DA:752,4
DA:753,4
DA:754,4
DA:755,4
DA:756,4
DA:757,4
DA:758,4
DA:759,4
DA:760,4
DA:761,4
DA:762,4
DA:763,4
DA:764,4
DA:765,4
DA:766,4
DA:767,4
DA:768,4
DA:769,4
DA:770,4
DA:771,4
DA:772,4
DA:773,4
DA:774,4
DA:775,4
DA:776,4
DA:777,4
DA:778,4
DA:779,4
DA:780,4
DA:781,4
DA:782,4
DA:783,4
DA:784,4
DA:785,4
DA:786,4
DA:787,4
DA:788,4
DA:789,4
DA:790,4
DA:791,4
DA:792,4
DA:793,4
DA:794,4
DA:795,4
DA:796,4
DA:797,4
DA:798,4
DA:799,4
DA:800,4
DA:801,4
DA:802,4
DA:803,4
DA:804,4
DA:805,4
DA:806,4
DA:807,4
DA:808,4
DA:809,4
DA:810,4
DA:811,4
DA:812,4
DA:813,4
DA:814,4
DA:815,4
DA:816,4
DA:817,4
DA:818,4
DA:819,4
DA:820,4
DA:821,4
DA:822,4
DA:823,4
DA:824,4
DA:825,4
DA:826,4
DA:827,4
DA:828,4
DA:829,4
DA:830,4
DA:831,4
DA:832,4
DA:833,4
DA:834,4
DA:835,4
DA:836,4
DA:837,4
DA:838,4
DA:839,4
DA:840,4
DA:841,4
DA:842,4
DA:843,4
DA:844,4
DA:845,4
DA:846,4
DA:847,4
DA:848,4
DA:849,4
DA:850,4
DA:851,4
DA:852,4
DA:853,4
DA:854,4
DA:855,4
DA:856,4
DA:857,4
DA:858,4
DA:859,4
DA:860,4
DA:861,4
DA:862,4
DA:863,4
DA:864,4
DA:865,4
DA:866,4
DA:867,4
DA:868,4
DA:869,4
DA:870,4
DA:871,4
DA:872,4
DA:873,4
DA:874,4
DA:875,4
DA:876,4
DA:877,4
DA:878,4
DA:879,4
DA:880,4
DA:881,4
DA:882,4
DA:883,4
DA:884,1
DA:885,1
DA:886,1
DA:887,1
DA:888,5
DA:889,5
DA:890,5
DA:891,5
DA:892,5
DA:893,5
DA:894,3
DA:895,3
DA:896,3
DA:897,3
DA:898,3
DA:899,5
LF:899
LH:584
BRDA:16,0,0,1
BRDA:25,1,0,0
BRDA:350,2,0,4
BRDA:365,3,0,24
BRDA:371,4,0,0
BRDA:378,5,0,0
BRDA:382,6,0,0
BRDA:385,7,0,0
BRDA:402,8,0,0
BRDA:407,9,0,0
BRDA:443,10,0,0
BRDA:507,11,0,0
BRDA:515,12,0,0
BRDA:516,13,0,0
BRDA:527,14,0,2
BRDA:527,15,0,2
BRDA:573,16,0,4
BRDA:706,17,0,4
BRDA:888,18,0,5
BRDA:893,19,0,3
BRF:20
BRH:9
end_of_record
TN:
SF:src/modules/statusBar.ts
FN:20,initializeStatusBar
FN:57,updateStatusBar
FN:84,updatePort
FN:94,disposeStatusBar
FNF:4
FNH:4
FNDA:15,initializeStatusBar
FNDA:51,updateStatusBar
FNDA:2,updatePort
FNDA:24,disposeStatusBar
DA:1,3
DA:2,3
DA:3,3
DA:4,3
DA:5,3
DA:6,3
DA:7,3
DA:8,3
DA:9,3
DA:10,3
DA:11,3
DA:12,3
DA:13,3
DA:14,3
DA:15,3
DA:16,3
DA:17,3
DA:18,3
DA:19,3
DA:20,3
DA:21,15
DA:22,15
DA:23,15
DA:24,15
DA:25,15
DA:26,15
DA:27,15
DA:28,15
DA:29,15
DA:30,15
DA:31,15
DA:32,15
DA:33,15
DA:34,15
DA:35,15
DA:36,15
DA:37,15
DA:38,15
DA:39,15
DA:40,15
DA:41,15
DA:42,15
DA:43,15
DA:44,15
DA:45,15
DA:46,15
DA:47,15
DA:48,15
DA:49,15
DA:50,15
DA:51,15
DA:52,15
DA:53,3
DA:54,3
DA:55,3
DA:56,3
DA:57,3
DA:58,51
DA:59,4
DA:60,4
DA:61,47
DA:62,47
DA:63,47
DA:64,47
DA:65,47
DA:66,47
DA:67,47
DA:68,47
DA:69,51
DA:70,16
DA:71,16
DA:72,16
DA:73,5
DA:74,11
DA:75,51
DA:76,31
DA:77,31
DA:78,31
DA:79,51
DA:80,3
DA:81,3
DA:82,3
DA:83,3
DA:84,3
DA:85,3
DA:86,3
DA:87,3
DA:88,3
DA:89,3
DA:90,3
DA:91,3
DA:92,3
DA:93,3
DA:94,3
DA:95,25
DA:96,15
DA:97,15
DA:98,15
DA:99,25
DA:100,15
DA:101,15
DA:102,15
DA:103,25
DA:104,15
DA:105,15
DA:106,15
DA:107,25
DA:108,25
LF:108
LH:108
BRDA:20,0,0,15
BRDA:57,1,0,51
BRDA:58,2,0,4
BRDA:69,3,0,16
BRDA:70,4,0,5
BRDA:70,5,0,11
BRDA:72,6,0,5
BRDA:73,7,0,11
BRDA:75,8,0,31
BRDA:58,9,0,47
BRDA:60,10,0,47
BRDA:84,11,0,2
BRDA:94,12,0,24
BRDA:95,13,0,14
BRDA:99,14,0,14
BRDA:103,15,0,14
BRF:16
BRH:16
end_of_record
TN:
SF:src/modules/taskManager.ts
FN:28,getTasks
FN:64,saveTasks
FN:104,addTask
FN:156,updateTaskStatus
FN:186,removeTask
FN:260,clearCompletedTasks
FNF:6
FNH:6
FNDA:92,getTasks
FNDA:57,saveTasks
FNDA:21,addTask
FNDA:5,updateTaskStatus
FNDA:13,removeTask
FNDA:22,clearCompletedTasks
DA:1,2
DA:2,2
DA:3,2
DA:4,2
DA:5,2
DA:6,2
DA:7,2
DA:8,2
DA:9,2
DA:10,2
DA:11,2
DA:12,2
DA:13,2
DA:14,2
DA:15,2
DA:16,2
DA:17,2
DA:18,2
DA:19,2
DA:20,2
DA:21,2
DA:22,2
DA:23,2
DA:24,2
DA:25,2
DA:26,2
DA:27,2
DA:28,92
DA:29,92
DA:30,92
DA:31,92
DA:32,92
DA:33,4
DA:34,4
DA:35,4
DA:36,4
DA:37,87
DA:38,92
DA:39,1
DA:40,1
DA:41,1
DA:42,92
DA:43,2
DA:44,2
DA:45,2
DA:46,2
DA:47,2
DA:48,2
DA:49,2
DA:50,2
DA:51,2
DA:52,2
DA:53,2
DA:54,2
DA:55,2
DA:56,2
DA:57,2
DA:58,2
DA:59,2
DA:60,2
DA:61,2
DA:62,2
DA:63,2
DA:64,57
DA:65,57
DA:66,57
DA:67,1
DA:68,1
DA:69,56
DA:70,57
DA:71,1
DA:72,1
DA:73,1
DA:74,57
DA:75,2
DA:76,2
DA:77,2
DA:78,2
DA:79,2
DA:80,2
DA:81,2
DA:82,2
DA:83,2
DA:84,2
DA:85,2
DA:86,2
DA:87,2
DA:88,2
DA:89,2
DA:90,2
DA:91,2
DA:92,2
DA:93,2
DA:94,2
DA:95,2
DA:96,2
DA:97,2
DA:98,2
DA:99,2
DA:100,2
DA:101,2
DA:102,2
DA:103,2
DA:104,21
DA:105,21
DA:106,21
DA:107,21
DA:108,21
DA:109,21
DA:110,21
DA:111,21
DA:112,21
DA:113,4
DA:114,4
DA:115,17
DA:116,17
DA:117,17
DA:118,17
DA:119,17
DA:120,17
DA:121,17
DA:122,17
DA:123,17
DA:124,17
DA:125,17
DA:126,17
DA:127,17
DA:128,17
DA:129,17
DA:130,17
DA:131,17
DA:132,17
DA:133,2
DA:134,2
DA:135,2
DA:136,2
DA:137,2
DA:138,2
DA:139,2
DA:140,2
DA:141,2
DA:142,2
DA:143,2
DA:144,2
DA:145,2
DA:146,2
DA:147,2
DA:148,2
DA:149,2
DA:150,2
DA:151,2
DA:152,2
DA:153,2
DA:154,2
DA:155,2
DA:156,5
DA:157,5
DA:158,5
DA:159,5
DA:160,5
DA:161,5
DA:162,5
DA:163,5
DA:164,4
DA:165,4
DA:166,4
DA:167,4
DA:168,5
DA:169,2
DA:170,2
DA:171,2
DA:172,2
DA:173,2
DA:174,2
DA:175,2
DA:176,2
DA:177,2
DA:178,2
DA:179,2
DA:180,2
DA:181,2
DA:182,2
DA:183,2
DA:184,2
DA:185,2
DA:186,13
DA:187,13
DA:188,13
DA:189,13
DA:190,13
DA:191,2
DA:192,2
DA:193,2
DA:194,2
DA:195,2
DA:196,2
DA:197,2
DA:198,2
DA:199,2
DA:200,2
DA:201,2
DA:202,2
DA:203,2
DA:204,2
DA:205,2
DA:206,2
DA:207,2
DA:208,2
DA:209,2
DA:210,2
DA:211,2
DA:212,2
DA:213,2
DA:214,2
DA:215,2
DA:216,2
DA:217,2
DA:218,2
DA:219,2
DA:220,2
DA:221,2
DA:222,2
DA:223,2
DA:224,2
DA:225,2
DA:226,2
DA:227,2
DA:228,2
DA:229,2
DA:230,2
DA:231,2
DA:232,2
DA:233,2
DA:234,2
DA:235,2
DA:236,2
DA:237,2
DA:238,2
DA:239,2
DA:240,2
DA:241,2
DA:242,2
DA:243,2
DA:244,2
DA:245,2
DA:246,2
DA:247,2
DA:248,2
DA:249,2
DA:250,2
DA:251,2
DA:252,2
DA:253,2
DA:254,2
DA:255,2
DA:256,2
DA:257,2
DA:258,2
DA:259,2
DA:260,22
DA:261,22
DA:262,22
DA:263,22
DA:264,22
DA:265,22
DA:266,22
LF:266
LH:266
BRDA:28,0,0,92
BRDA:32,1,0,4
BRDA:38,2,0,1
BRDA:36,3,0,87
BRDA:64,4,0,57
BRDA:66,5,0,1
BRDA:68,6,0,56
BRDA:70,7,0,1
BRDA:104,8,0,21
BRDA:112,9,0,4
BRDA:113,10,0,0
BRDA:114,11,0,17
BRDA:156,12,0,5
BRDA:163,13,0,4
BRDA:162,14,0,5
BRDA:186,15,0,13
BRDA:188,16,0,14
BRDA:260,17,0,22
BRDA:262,18,0,14
BRF:19
BRH:18
end_of_record
TN:
SF:src/modules/taskValidation.ts
FN:36,validateTaskTitle
FN:78,validateTaskDescription
FN:120,validateTaskCategory
FN:166,validateTaskData
FN:212,normalizeTaskData
FNF:5
FNH:5
FNDA:43,validateTaskTitle
FNDA:37,validateTaskDescription
FNDA:38,validateTaskCategory
FNDA:33,validateTaskData
FNDA:29,normalizeTaskData
DA:1,3
DA:2,3
DA:3,3
DA:4,3
DA:5,3
DA:6,3
DA:7,3
DA:8,3
DA:9,3
DA:10,3
DA:11,3
DA:12,3
DA:13,3
DA:14,3
DA:15,3
DA:16,3
DA:17,3
DA:18,3
DA:19,3
DA:20,3
DA:21,3
DA:22,3
DA:23,3
DA:24,3
DA:25,3
DA:26,3
DA:27,3
DA:28,3
DA:29,3
DA:30,3
DA:31,3
DA:32,3
DA:33,3
DA:34,3
DA:35,3
DA:36,3
DA:37,43
DA:38,43
DA:39,3
DA:40,3
DA:41,40
DA:42,40
DA:43,40
DA:44,40
DA:45,40
DA:46,43
DA:47,5
DA:48,5
DA:49,35
DA:50,35
DA:51,43
DA:52,3
DA:53,3
DA:54,32
DA:55,32
DA:56,32
DA:57,3
DA:58,3
DA:59,3
DA:60,3
DA:61,3
DA:62,3
DA:63,3
DA:64,3
DA:65,3
DA:66,3
DA:67,3
DA:68,3
DA:69,3
DA:70,3
DA:71,3
DA:72,3
DA:73,3
DA:74,3
DA:75,3
DA:76,3
DA:77,3
DA:78,3
DA:79,37
DA:80,37
DA:81,4
DA:82,4
DA:83,33
DA:84,33
DA:85,33
DA:86,33
DA:87,33
DA:88,37
DA:89,13
DA:90,13
DA:91,20
DA:92,20
DA:93,37
DA:94,4
DA:95,4
DA:96,16
DA:97,16
DA:98,16
DA:99,3
DA:100,3
DA:101,3
DA:102,3
DA:103,3
DA:104,3
DA:105,3
DA:106,3
DA:107,3
DA:108,3
DA:109,3
DA:110,3
DA:111,3
DA:112,3
DA:113,3
DA:114,3
DA:115,3
DA:116,3
DA:117,3
DA:118,3
DA:119,3
DA:120,3
DA:121,38
DA:122,38
DA:123,6
DA:124,6
DA:125,32
DA:126,32
DA:127,32
DA:128,32
DA:129,32
DA:130,32
DA:131,38
DA:132,4
DA:133,4
DA:134,4
DA:135,4
DA:136,4
DA:137,28
DA:138,28
DA:139,28
DA:140,3
DA:141,3
DA:142,3
DA:143,3
DA:144,3
DA:145,3
DA:146,3
DA:147,3
DA:148,3
DA:149,3
DA:150,3
DA:151,3
DA:152,3
DA:153,3
DA:154,3
DA:155,3
DA:156,3
DA:157,3
DA:158,3
DA:159,3
DA:160,3
DA:161,3
DA:162,3
DA:163,3
DA:164,3
DA:165,3
DA:166,3
DA:167,33
DA:168,33
DA:169,33
DA:170,33
DA:171,33
DA:172,33
DA:173,33
DA:174,6
DA:175,6
DA:176,27
DA:177,27
DA:178,27
DA:179,33
DA:180,3
DA:181,3
DA:182,24
DA:183,24
DA:184,24
DA:185,33
DA:186,2
DA:187,2
DA:188,22
DA:189,22
DA:190,22
DA:191,3
DA:192,3
DA:193,3
DA:194,3
DA:195,3
DA:196,3
DA:197,3
DA:198,3
DA:199,3
DA:200,3
DA:201,3
DA:202,3
DA:203,3
DA:204,3
DA:205,3
DA:206,3
DA:207,3
DA:208,3
DA:209,3
DA:210,3
DA:211,3
DA:212,3
DA:213,29
DA:214,29
DA:215,29
DA:216,29
DA:217,29
DA:218,29
DA:219,29
DA:220,29
DA:221,29
DA:222,29
LF:222
LH:222
BRDA:36,0,0,43
BRDA:38,1,0,3
BRDA:46,2,0,5
BRDA:48,3,0,35
BRDA:51,4,0,3
BRDA:53,5,0,32
BRDA:78,6,0,37
BRDA:80,7,0,4
BRDA:88,8,0,13
BRDA:90,9,0,20
BRDA:93,10,0,4
BRDA:95,11,0,16
BRDA:120,12,0,38
BRDA:122,13,0,6
BRDA:131,14,0,4
BRDA:166,15,0,33
BRDA:173,16,0,6
BRDA:175,17,0,27
BRDA:179,18,0,3
BRDA:181,19,0,24
BRDA:185,20,0,2
BRDA:187,21,0,22
BRDA:212,22,0,29
BRDA:219,23,0,16
BRDA:220,24,0,7
BRDA:38,25,0,41
BRDA:40,26,0,40
BRDA:80,27,0,35
BRDA:82,28,0,33
BRDA:122,29,0,37
BRDA:122,30,0,33
BRDA:124,31,0,32
BRDA:136,32,0,28
BRF:33
BRH:33
end_of_record
TN:
SF:src/modules/timeFormatting.ts
FN:38,formatCountdown
FNF:1
FNH:1
FNDA:105,formatCountdown
DA:1,4
DA:2,4
DA:3,4
DA:4,4
DA:5,4
DA:6,4
DA:7,4
DA:8,4
DA:9,4
DA:10,4
DA:11,4
DA:12,4
DA:13,4
DA:14,4
DA:15,4
DA:16,4
DA:17,4
DA:18,4
DA:19,4
DA:20,4
DA:21,4
DA:22,4
DA:23,4
DA:24,4
DA:25,4
DA:26,4
DA:27,4
DA:28,4
DA:29,4
DA:30,4
DA:31,4
DA:32,4
DA:33,4
DA:34,4
DA:35,4
DA:36,4
DA:37,4
DA:38,4
DA:39,105
DA:40,105
DA:41,8
DA:42,8
DA:43,97
DA:44,105
DA:45,18
DA:46,105
DA:47,37
DA:48,37
DA:49,37
DA:50,37
DA:51,79
DA:52,42
DA:53,42
DA:54,42
DA:55,42
DA:56,42
DA:57,105
LF:57
LH:57
BRDA:38,0,0,105
BRDA:40,1,0,8
BRDA:44,2,0,18
BRDA:50,3,0,17
BRDA:51,4,0,42
BRDA:42,5,0,97
BRDA:46,6,0,79
BRDA:46,7,0,37
BRDA:50,8,0,20
BRDA:55,9,0,25
BRDA:55,10,0,17
BRF:11
BRH:11
end_of_record
TN:
SF:src/modules/types.ts
FN:1,src/modules/types.ts
FNF:1
FNH:1
FNDA:3,src/modules/types.ts
DA:1,3
DA:2,3
DA:3,3
DA:4,3
DA:5,3
DA:6,3
DA:7,3
DA:8,3
DA:9,3
DA:10,3
DA:11,3
DA:12,3
DA:13,3
DA:14,3
DA:15,3
DA:16,3
DA:17,3
DA:18,3
DA:19,3
DA:20,3
DA:21,3
DA:22,3
DA:23,3
DA:24,3
DA:25,3
DA:26,3
DA:27,3
DA:28,3
DA:29,3
DA:30,3
DA:31,3
DA:32,3
DA:33,3
DA:34,3
DA:35,3
DA:36,3
DA:37,3
DA:38,3
DA:39,3
DA:40,3
DA:41,3
DA:42,3
DA:43,3
DA:44,3
DA:45,3
DA:46,3
DA:47,3
DA:48,3
DA:49,3
DA:50,3
LF:50
LH:50
BRDA:1,0,0,3
BRF:1
BRH:1
end_of_record
TN:
SF:src/test/runTest.ts
FN:4,main
FNF:1
FNH:1
FNDA:1,main
DA:1,1
DA:2,1
DA:3,1
DA:4,1
DA:5,1
DA:6,1
DA:7,1
DA:8,1
DA:9,1
DA:10,1
DA:11,1
DA:12,1
DA:13,1
DA:14,1
DA:15,1
DA:16,1
DA:17,1
DA:18,1
DA:19,1
DA:20,1
LF:20
LH:20
BRDA:4,0,0,1
BRDA:13,1,0,0
BRF:2
BRH:1
end_of_record
TN:
SF:src/test/runUnitTests.js
FN:9,main
FNF:1
FNH:1
FNDA:1,main
DA:1,1
DA:2,1
DA:3,1
DA:4,1
DA:5,1
DA:6,1
DA:7,1
DA:8,1
DA:9,1
DA:10,1
DA:11,1
DA:12,1
DA:13,1
DA:14,1
DA:15,0
DA:16,0
DA:17,0
DA:18,1
DA:19,1
DA:20,1
LF:20
LH:17
BRDA:9,0,0,1
BRDA:14,1,0,0
BRF:2
BRH:1
end_of_record
TN:
SF:src/test/suite/aiQueue.test.ts
FN:164,mockSendToAgent
FN:176,mockSendToAgent
FN:184,mockSendToAgent
FN:195,mockSendToAgent
FN:206,mockSendToAgent
FN:233,mockSendToAgent
FN:246,mockSendToAgent
FN:328,mockSendToAgent
FN:356,mockSendToAgent
FN:392,mockSendToAgent
FNF:10
FNH:9
FNDA:1,mockSendToAgent
FNDA:0,mockSendToAgent
FNDA:1,mockSendToAgent
FNDA:1,mockSendToAgent
FNDA:1,mockSendToAgent
FNDA:3,mockSendToAgent
FNDA:2,mockSendToAgent
FNDA:1,mockSendToAgent
FNDA:1,mockSendToAgent
FNDA:1,mockSendToAgent
DA:1,1
DA:2,1
DA:3,1
DA:4,1
DA:5,1
DA:6,1
DA:7,1
DA:8,1
DA:9,1
DA:10,1
DA:11,1
DA:12,1
DA:13,1
DA:14,34
DA:15,34
DA:16,1
DA:17,1
DA:18,1
DA:19,34
DA:20,34
DA:21,1
DA:22,1
DA:23,1
DA:24,1
DA:25,1
DA:26,1
DA:27,1
DA:28,1
DA:29,1
DA:30,1
DA:31,1
DA:32,1
DA:33,1
DA:34,1
DA:35,1
DA:36,1
DA:37,1
DA:38,1
DA:39,1
DA:40,1
DA:41,1
DA:42,1
DA:43,1
DA:44,1
DA:45,1
DA:46,1
DA:47,1
DA:48,1
DA:49,1
DA:50,1
DA:51,1
DA:52,1
DA:53,1
DA:54,1
DA:55,1
DA:56,1
DA:57,1
DA:58,1
DA:59,1
DA:60,1
DA:61,1
DA:62,1
DA:63,1
DA:64,1
DA:65,1
DA:66,1
DA:67,1
DA:68,1
DA:69,1
DA:70,1
DA:71,1
DA:72,1
DA:73,1
DA:74,1
DA:75,1
DA:76,1
DA:77,1
DA:78,1
DA:79,1
DA:80,1
DA:81,1
DA:82,1
DA:83,1
DA:84,1
DA:85,1
DA:86,1
DA:87,1
DA:88,1
DA:89,1
DA:90,1
DA:91,1
DA:92,1
DA:93,1
DA:94,1
DA:95,1
DA:96,1
DA:97,1
DA:98,1
DA:99,1
DA:100,1
DA:101,1
DA:102,1
DA:103,1
DA:104,1
DA:105,1
DA:106,1
DA:107,1
DA:108,1
DA:109,1
DA:110,1
DA:111,1
DA:112,1
DA:113,1
DA:114,1
DA:115,1
DA:116,1
DA:117,1
DA:118,1
DA:119,1
DA:120,1
DA:121,1
DA:122,1
DA:123,1
DA:124,1
DA:125,1
DA:126,1
DA:127,1
DA:128,1
DA:129,1
DA:130,1
DA:131,1
DA:132,1
DA:133,1
DA:134,1
DA:135,1
DA:136,1
DA:137,1
DA:138,1
DA:139,1
DA:140,1
DA:141,1
DA:142,1
DA:143,1
DA:144,1
DA:145,1
DA:146,1
DA:147,1
DA:148,1
DA:149,1
DA:150,1
DA:151,1
DA:152,1
DA:153,1
DA:154,1
DA:155,1
DA:156,1
DA:157,1
DA:158,1
DA:159,1
DA:160,1
DA:161,1
DA:162,1
DA:163,1
DA:164,1
DA:165,1
DA:166,1
DA:167,1
DA:168,1
DA:169,1
DA:170,1
DA:171,1
DA:172,1
DA:173,1
DA:174,1
DA:175,1
DA:176,1
DA:177,1
DA:178,1
DA:179,1
DA:180,1
DA:181,1
DA:182,1
DA:183,1
DA:184,1
DA:185,1
DA:186,1
DA:187,1
DA:188,1
DA:189,1
DA:190,1
DA:191,1
DA:192,1
DA:193,1
DA:194,1
DA:195,1
DA:196,1
DA:197,1
DA:198,1
DA:199,1
DA:200,1
DA:201,1
DA:202,1
DA:203,1
DA:204,1
DA:205,1
DA:206,1
DA:207,1
DA:208,1
DA:209,1
DA:210,1
DA:211,1
DA:212,1
DA:213,1
DA:214,1
DA:215,1
DA:216,1
DA:217,1
DA:218,1
DA:219,1
DA:220,1
DA:221,1
DA:222,1
DA:223,1
DA:224,1
DA:225,1
DA:226,1
DA:227,1
DA:228,1
DA:229,1
DA:230,1
DA:231,1
DA:232,1
DA:233,1
DA:234,1
DA:235,1
DA:236,1
DA:237,1
DA:238,1
DA:239,1
DA:240,1
DA:241,1
DA:242,1
DA:243,1
DA:244,1
DA:245,1
DA:246,1
DA:247,2
DA:248,2
DA:249,2
DA:250,1
DA:251,1
DA:252,1
DA:253,1
DA:254,1
DA:255,1
DA:256,1
DA:257,1
DA:258,1
DA:259,1
DA:260,1
DA:261,1
DA:262,1
DA:263,1
DA:264,1
DA:265,1
DA:266,1
DA:267,1
DA:268,1
DA:269,1
DA:270,1
DA:271,1
DA:272,1
DA:273,1
DA:274,1
DA:275,1
DA:276,1
DA:277,1
DA:278,1
DA:279,1
DA:280,1
DA:281,1
DA:282,1
DA:283,1
DA:284,1
DA:285,1
DA:286,1
DA:287,1
DA:288,1
DA:289,1
DA:290,1
DA:291,1
DA:292,1
DA:293,1
DA:294,1
DA:295,1
DA:296,1
DA:297,1
DA:298,1
DA:299,1
DA:300,1
DA:301,1
DA:302,1
DA:303,1
DA:304,1
DA:305,1
DA:306,1
DA:307,1
DA:308,1
DA:309,1
DA:310,1
DA:311,1
DA:312,1
DA:313,1
DA:314,1
DA:315,1
DA:316,1
DA:317,1
DA:318,1
DA:319,1
DA:320,1
DA:321,1
DA:322,1
DA:323,1
DA:324,1
DA:325,1
DA:326,1
DA:327,1
DA:328,1
DA:329,1
DA:330,1
DA:331,1
DA:332,1
DA:333,1
DA:334,1
DA:335,1
DA:336,1
DA:337,1
DA:338,1
DA:339,1
DA:340,1
DA:341,1
DA:342,1
DA:343,1
DA:344,1
DA:345,1
DA:346,1
DA:347,1
DA:348,1
DA:349,1
DA:350,1
DA:351,1
DA:352,1
DA:353,1
DA:354,1
DA:355,1
DA:356,1
DA:357,1
DA:358,1
DA:359,1
DA:360,1
DA:361,1
DA:362,1
DA:363,1
DA:364,1
DA:365,1
DA:366,1
DA:367,1
DA:368,1
DA:369,1
DA:370,1
DA:371,1
DA:372,1
DA:373,1
DA:374,1
DA:375,1
DA:376,1
DA:377,1
DA:378,1
DA:379,1
DA:380,1
DA:381,1
DA:382,1
DA:383,1
DA:384,1
DA:385,1
DA:386,1
DA:387,1
DA:388,1
DA:389,1
DA:390,1
DA:391,1
DA:392,1
DA:393,1
DA:394,1
DA:395,1
DA:396,1
DA:397,1
DA:398,1
DA:399,1
DA:400,1
DA:401,1
DA:402,1
DA:403,1
DA:404,1
DA:405,1
DA:406,1
DA:407,1
DA:408,1
DA:409,1
LF:409
LH:409
BRDA:10,0,0,1
BRDA:13,1,0,34
BRDA:18,2,0,34
BRDA:23,3,0,1
BRDA:24,4,0,1
BRDA:37,5,0,1
BRDA:44,6,0,1
BRDA:56,7,0,1
BRDA:68,8,0,1
BRDA:74,9,0,1
BRDA:75,10,0,1
BRDA:83,11,0,1
BRDA:89,12,0,2
BRDA:99,13,0,1
BRDA:104,14,0,1
BRDA:112,15,0,1
BRDA:118,16,0,1
BRDA:119,17,0,1
BRDA:127,18,0,1
BRDA:132,19,0,1
BRDA:149,20,0,1
BRDA:159,21,0,1
BRDA:160,22,0,1
BRDA:164,23,0,1
BRDA:175,24,0,1
BRDA:182,25,0,1
BRDA:184,26,0,1
BRDA:193,27,0,1
BRDA:195,28,0,1
BRDA:204,29,0,1
BRDA:206,30,0,1
BRDA:218,31,0,1
BRDA:228,32,0,1
BRDA:233,33,0,3
BRDA:241,34,0,1
BRDA:246,35,0,2
BRDA:259,36,0,1
BRDA:260,37,0,1
BRDA:274,38,0,1
BRDA:286,39,0,3
BRDA:292,40,0,1
BRDA:293,41,0,1
BRDA:300,42,0,1
BRDA:309,43,0,1
BRDA:310,44,0,1
BRDA:323,45,0,1
BRDA:328,46,0,1
BRDA:338,47,0,1
BRDA:346,48,0,1
BRDA:347,49,0,1
BRDA:356,50,0,1
BRDA:371,51,0,1
BRDA:372,52,0,1
BRDA:377,53,0,1
BRDA:383,54,0,1
BRDA:389,55,0,1
BRDA:405,56,0,0
BRDA:392,57,0,1
BRDA:394,58,0,1
BRF:59
BRH:58
end_of_record
TN:
SF:src/test/suite/aiQueue.unit.test.ts
FNF:0
FNH:0
DA:1,1
DA:2,1
DA:3,1
DA:4,1
DA:5,1
DA:6,1
DA:7,1
DA:8,1
DA:9,1
DA:10,1
DA:11,26
DA:12,1
DA:13,1
DA:14,1
DA:15,1
DA:16,1
DA:17,1
DA:18,1
DA:19,1
DA:20,1
DA:21,1
DA:22,1
DA:23,1
DA:24,1
DA:25,1
DA:26,1
DA:27,1
DA:28,1
DA:29,1
DA:30,1
DA:31,1
DA:32,1
DA:33,1
DA:34,1
DA:35,1
DA:36,1
DA:37,1
DA:38,1
DA:39,1
DA:40,1
DA:41,1
DA:42,1
DA:43,1
DA:44,1
DA:45,1
DA:46,1
DA:47,1
DA:48,1
DA:49,1
DA:50,1
DA:51,1
DA:52,1
DA:53,1
DA:54,1
DA:55,1
DA:56,1
DA:57,1
DA:58,1
DA:59,1
DA:60,1
DA:61,1
DA:62,1
DA:63,1
DA:64,1
DA:65,1
DA:66,1
DA:67,1
DA:68,1
DA:69,1
DA:70,1
DA:71,1
DA:72,1
DA:73,1
DA:74,1
DA:75,1
DA:76,1
DA:77,1
DA:78,1
DA:79,1
DA:80,1
DA:81,1
DA:82,1
DA:83,3
DA:84,3
DA:85,1
DA:86,2
DA:87,2
DA:88,1
DA:89,1
DA:90,1
DA:91,1
DA:92,1
DA:93,1
DA:94,1
DA:95,1
DA:96,1
DA:97,1
DA:98,1
DA:99,1
DA:100,1
DA:101,1
DA:102,1
DA:103,1
DA:104,1
DA:105,1
DA:106,1
DA:107,1
DA:108,1
DA:109,1
DA:110,1
DA:111,1
DA:112,1
DA:113,1
DA:114,1
DA:115,1
DA:116,1
DA:117,1
DA:118,1
DA:119,1
DA:120,1
DA:121,1
DA:122,1
DA:123,1
DA:124,1
DA:125,1
DA:126,1
DA:127,1
DA:128,1
DA:129,1
DA:130,1
DA:131,1
DA:132,1
DA:133,1
DA:134,1
DA:135,1
DA:136,1
DA:137,1
DA:138,1
DA:139,1
DA:140,1
DA:141,1
DA:142,1
DA:143,1
DA:144,1
DA:145,1
DA:146,1
DA:147,1
DA:148,3
DA:149,3
DA:150,1
DA:151,1
DA:152,1
DA:153,1
DA:154,1
DA:155,1
DA:156,1
DA:157,1
DA:158,1
DA:159,1
DA:160,1
DA:161,1
DA:162,1
DA:163,1
DA:164,1
DA:165,1
DA:166,1
DA:167,1
DA:168,1
DA:169,1
DA:170,1
DA:171,1
DA:172,1
DA:173,1
DA:174,1
DA:175,1
DA:176,1
DA:177,1
DA:178,1
DA:179,1
DA:180,1
DA:181,1
DA:182,1
DA:183,1
DA:184,1
DA:185,1
DA:186,1
DA:187,1
DA:188,1
DA:189,1
DA:190,1
DA:191,1
DA:192,1
DA:193,1
DA:194,1
DA:195,1
DA:196,1
DA:197,1
DA:198,1
DA:199,1
DA:200,1
DA:201,1
DA:202,1
DA:203,1
DA:204,1
DA:205,1
DA:206,1
DA:207,1
DA:208,1
DA:209,1
DA:210,1
DA:211,1
DA:212,1
DA:213,1
DA:214,1
DA:215,1
DA:216,1
DA:217,1
DA:218,1
DA:219,1
DA:220,1
DA:221,1
DA:222,1
DA:223,1
DA:224,1
DA:225,1
DA:226,1
DA:227,1
DA:228,1
DA:229,1
DA:230,1
DA:231,1
DA:232,1
DA:233,1
DA:234,1
DA:235,1
DA:236,1
DA:237,1
DA:238,1
DA:239,1
DA:240,1
DA:241,1
DA:242,1
DA:243,1
DA:244,1
DA:245,1
DA:246,1
DA:247,1
DA:248,1
DA:249,1
DA:250,1
DA:251,1
DA:252,1
DA:253,1
DA:254,1
DA:255,1
DA:256,1
DA:257,1
DA:258,1
DA:259,1
DA:260,1
DA:261,1
DA:262,1
DA:263,1
DA:264,1
DA:265,1
DA:266,1
DA:267,1
DA:268,1
DA:269,1
DA:270,1
DA:271,1
DA:272,1
DA:273,1
DA:274,1
DA:275,1
DA:276,1
DA:277,1
DA:278,1
DA:279,1
DA:280,1
DA:281,1
DA:282,1
DA:283,1
DA:284,1
DA:285,1
DA:286,1
DA:287,1
DA:288,1
DA:289,1
DA:290,1
DA:291,1
DA:292,1
DA:293,1
DA:294,1
DA:295,1
LF:295
LH:295
BRDA:9,0,0,1
BRDA:10,1,0,26
BRDA:14,2,0,1
BRDA:15,3,0,1
BRDA:21,4,0,1
BRDA:28,5,0,1
BRDA:35,6,0,1
BRDA:43,7,0,1
BRDA:44,8,0,1
BRDA:57,9,0,1
BRDA:82,10,0,3
BRDA:85,11,0,2
BRDA:64,12,0,1
BRDA:65,13,0,1
BRDA:75,14,0,5
BRDA:76,15,0,5
BRDA:90,16,0,1
BRDA:96,17,0,1
BRDA:97,18,0,1
BRDA:99,19,0,1
BRDA:105,20,0,1
BRDA:107,21,0,1
BRDA:113,22,0,1
BRDA:115,23,0,1
BRDA:125,24,0,1
BRDA:130,25,0,1
BRDA:135,26,0,3
BRDA:141,27,0,1
BRDA:147,28,0,3
BRDA:162,29,0,1
BRDA:163,30,0,1
BRDA:170,31,0,1
BRDA:176,32,0,1
BRDA:182,33,0,1
BRDA:188,34,0,1
BRDA:195,35,0,1
BRDA:201,36,0,1
BRDA:207,37,0,1
BRDA:214,38,0,1
BRDA:215,39,0,1
BRDA:227,40,0,1
BRDA:234,41,0,1
BRDA:235,42,0,1
BRDA:252,43,0,1
BRDA:253,44,0,1
BRDA:259,45,0,1
BRDA:267,46,0,1
BRDA:268,47,0,1
BRDA:273,48,0,1
BRDA:279,49,0,1
BRDA:285,50,0,1
BRDA:290,51,0,1
BRF:52
BRH:52
end_of_record
TN:
SF:src/test/suite/autoContinue.test.ts
FN:37,get
FN:40,update
FN:43,keys
FN:46,get
FN:47,update
FN:48,keys
FN:94,get
FN:113,get
FN:141,get
FN:178,get
FN:214,get
FN:239,get
FN:264,get
FN:278,mockSendToAgent
FN:311,get
FN:339,get
FN:396,get
FN:404,mockSendToAgent
FN:416,get
FN:427,mockSendToAgent
FN:443,get
FN:454,mockSendToAgent
FN:477,get
FN:499,get
FN:527,get
FN:537,update
FN:538,keys
FN:543,get
FN:581,mockSendToAgent
FN:587,get
FN:629,mockSendToAgent
FN:635,get
FN:649,configEnabled
FN:662,get
FN:708,get
FN:749,mockSendToAgent
FN:755,get
FN:793,get
FN:819,get
FN:828,update
FN:829,keys
FN:834,get
FN:877,get
FN:907,get
FN:942,mockSendToAgent
FN:945,get
FN:975,get
FN:1011,get
FNF:48
FNH:33
FNDA:42,get
FNDA:34,update
FNDA:0,keys
FNDA:0,get
FNDA:0,update
FNDA:0,keys
FNDA:36,get
FNDA:36,get
FNDA:36,get
FNDA:72,get
FNDA:36,get
FNDA:36,get
FNDA:36,get
FNDA:0,mockSendToAgent
FNDA:36,get
FNDA:36,get
FNDA:2,get
FNDA:0,mockSendToAgent
FNDA:2,get
FNDA:0,mockSendToAgent
FNDA:4,get
FNDA:0,mockSendToAgent
FNDA:2,get
FNDA:36,get
FNDA:2,get
FNDA:0,update
FNDA:0,keys
FNDA:36,get
FNDA:2,mockSendToAgent
FNDA:40,get
FNDA:0,mockSendToAgent
FNDA:42,get
FNDA:2,configEnabled
FNDA:36,get
FNDA:36,get
FNDA:0,mockSendToAgent
FNDA:40,get
FNDA:36,get
FNDA:2,get
FNDA:0,update
FNDA:0,keys
FNDA:36,get
FNDA:36,get
FNDA:36,get
FNDA:0,mockSendToAgent
FNDA:2,get
FNDA:36,get
FNDA:36,get
DA:1,2
DA:2,2
DA:3,2
DA:4,2
DA:5,2
DA:6,2
DA:7,2
DA:8,2
DA:9,2
DA:10,2
DA:11,2
DA:12,2
DA:13,2
DA:14,2
DA:15,2
DA:16,2
DA:17,2
DA:18,2
DA:19,2
DA:20,2
DA:21,2
DA:22,2
DA:23,2
DA:24,80
DA:25,80
DA:26,80
DA:27,80
DA:28,80
DA:29,0
DA:30,0
DA:31,80
DA:32,80
DA:33,80
DA:34,80
DA:35,80
DA:36,80
DA:37,80
DA:38,42
DA:39,42
DA:40,80
DA:41,34
DA:42,34
DA:43,80
DA:44,80
DA:45,80
DA:46,80
DA:47,80
DA:48,80
DA:49,80
DA:50,80
DA:51,80
DA:52,80
DA:53,2
DA:54,2
DA:55,2
DA:56,80
DA:57,80
DA:58,2
DA:59,2
DA:60,2
DA:61,2
DA:62,2
DA:63,2
DA:64,2
DA:65,2
DA:66,2
DA:67,2
DA:68,2
DA:69,2
DA:70,2
DA:71,2
DA:72,2
DA:73,2
DA:74,2
DA:75,2
DA:76,2
DA:77,2
DA:78,2
DA:79,2
DA:80,2
DA:81,2
DA:82,2
DA:83,2
DA:84,2
DA:85,2
DA:86,2
DA:87,2
DA:88,2
DA:89,2
DA:90,2
DA:91,2
DA:92,2
DA:93,2
DA:94,2
DA:95,36
DA:96,12
DA:97,12
DA:98,24
DA:99,36
DA:100,2
DA:101,2
DA:102,2
DA:103,2
DA:104,2
DA:105,2
DA:106,2
DA:107,2
DA:108,2
DA:109,2
DA:110,2
DA:111,2
DA:112,2
DA:113,2
DA:114,36
DA:115,2
DA:116,2
DA:117,36
DA:118,2
DA:119,2
DA:120,36
DA:121,2
DA:122,2
DA:123,36
DA:124,10
DA:125,10
DA:126,20
DA:127,36
DA:128,2
DA:129,2
DA:130,2
DA:131,2
DA:132,2
DA:133,2
DA:134,2
DA:135,2
DA:136,2
DA:137,2
DA:138,2
DA:139,2
DA:140,2
DA:141,2
DA:142,36
DA:143,2
DA:144,2
DA:145,36
DA:146,2
DA:147,2
DA:148,36
DA:149,2
DA:150,2
DA:151,36
DA:152,2
DA:153,2
DA:154,36
DA:155,12
DA:156,12
DA:157,36
DA:158,8
DA:159,8
DA:160,8
DA:161,36
DA:162,2
DA:163,2
DA:164,2
DA:165,2
DA:166,2
DA:167,2
DA:168,2
DA:169,2
DA:170,2
DA:171,2
DA:172,2
DA:173,2
DA:174,2
DA:175,2
DA:176,2
DA:177,2
DA:178,2
DA:179,72
DA:180,4
DA:181,4
DA:182,72
DA:183,4
DA:184,4
DA:185,72
DA:186,4
DA:187,4
DA:188,72
DA:189,20
DA:190,20
DA:191,40
DA:192,72
DA:193,2
DA:194,2
DA:195,2
DA:196,2
DA:197,2
DA:198,2
DA:199,2
DA:200,2
DA:201,2
DA:202,2
DA:203,2
DA:204,2
DA:205,2
DA:206,2
DA:207,2
DA:208,2
DA:209,2
DA:210,2
DA:211,2
DA:212,2
DA:213,2
DA:214,2
DA:215,36
DA:216,2
DA:217,2
DA:218,36
DA:219,2
DA:220,2
DA:221,36
DA:222,10
DA:223,10
DA:224,22
DA:225,36
DA:226,2
DA:227,2
DA:228,2
DA:229,2
DA:230,2
DA:231,2
DA:232,2
DA:233,2
DA:234,2
DA:235,2
DA:236,2
DA:237,2
DA:238,2
DA:239,2
DA:240,36
DA:241,2
DA:242,2
DA:243,36
DA:244,2
DA:245,2
DA:246,36
DA:247,10
DA:248,10
DA:249,22
DA:250,36
DA:251,2
DA:252,2
DA:253,2
DA:254,2
DA:255,2
DA:256,2
DA:257,0
DA:258,0
DA:259,0
DA:260,2
DA:261,2
DA:262,2
DA:263,2
DA:264,2
DA:265,36
DA:266,12
DA:267,12
DA:268,24
DA:269,36
DA:270,2
DA:271,2
DA:272,2
DA:273,2
DA:274,2
DA:275,2
DA:276,2
DA:277,2
DA:278,2
DA:279,2
DA:280,2
DA:281,2
DA:282,2
DA:283,2
DA:284,2
DA:285,2
DA:286,2
DA:287,2
DA:288,2
DA:289,2
DA:290,2
DA:291,2
DA:292,2
DA:293,2
DA:294,2
DA:295,2
DA:296,2
DA:297,2
DA:298,2
DA:299,2
DA:300,2
DA:301,2
DA:302,2
DA:303,2
DA:304,2
DA:305,2
DA:306,2
DA:307,2
DA:308,2
DA:309,2
DA:310,2
DA:311,2
DA:312,36
DA:313,2
DA:314,2
DA:315,36
DA:316,2
DA:317,2
DA:318,36
DA:319,10
DA:320,10
DA:321,22
DA:322,36
DA:323,2
DA:324,2
DA:325,2
DA:326,2
DA:327,2
DA:328,2
DA:329,2
DA:330,2
DA:331,2
DA:332,2
DA:333,2
DA:334,2
DA:335,2
DA:336,2
DA:337,2
DA:338,2
DA:339,2
DA:340,36
DA:341,2
DA:342,2
DA:343,36
DA:344,2
DA:345,2
DA:346,36
DA:347,10
DA:348,10
DA:349,22
DA:350,36
DA:351,0
DA:352,0
DA:353,22
DA:354,36
DA:355,2
DA:356,2
DA:357,2
DA:358,2
DA:359,2
DA:360,2
DA:361,2
DA:362,2
DA:363,2
DA:364,2
DA:365,2
DA:366,2
DA:367,2
DA:368,2
DA:369,2
DA:370,2
DA:371,2
DA:372,2
DA:373,2
DA:374,2
DA:375,2
DA:376,2
DA:377,2
DA:378,2
DA:379,2
DA:380,2
DA:381,2
DA:382,2
DA:383,2
DA:384,2
DA:385,2
DA:386,2
DA:387,2
DA:388,2
DA:389,2
DA:390,2
DA:391,2
DA:392,2
DA:393,2
DA:394,2
DA:395,2
DA:396,2
DA:397,2
DA:398,2
DA:399,2
DA:400,0
DA:401,2
DA:402,2
DA:403,2
DA:404,2
DA:405,2
DA:406,2
DA:407,2
DA:408,2
DA:409,2
DA:410,2
DA:411,2
DA:412,2
DA:413,2
DA:414,2
DA:415,2
DA:416,2
DA:417,2
DA:418,2
DA:419,2
DA:420,0
DA:421,0
DA:422,0
DA:423,0
DA:424,2
DA:425,2
DA:426,2
DA:427,2
DA:428,2
DA:429,2
DA:430,2
DA:431,2
DA:432,2
DA:433,2
DA:434,2
DA:435,2
DA:436,2
DA:437,2
DA:438,2
DA:439,2
DA:440,2
DA:441,2
DA:442,2
DA:443,2
DA:444,4
DA:445,4
DA:446,4
DA:447,0
DA:448,0
DA:449,0
DA:450,0
DA:451,4
DA:452,2
DA:453,2
DA:454,2
DA:455,2
DA:456,2
DA:457,2
DA:458,2
DA:459,2
DA:460,2
DA:461,2
DA:462,2
DA:463,2
DA:464,2
DA:465,2
DA:466,2
DA:467,2
DA:468,2
DA:469,2
DA:470,2
DA:471,2
DA:472,2
DA:473,2
DA:474,2
DA:475,2
DA:476,2
DA:477,2
DA:478,2
DA:479,2
DA:480,2
DA:481,0
DA:482,0
DA:483,0
DA:484,0
DA:485,2
DA:486,2
DA:487,2
DA:488,2
DA:489,2
DA:490,2
DA:491,2
DA:492,2
DA:493,2
DA:494,2
DA:495,2
DA:496,2
DA:497,2
DA:498,2
DA:499,2
DA:500,36
DA:501,2
DA:502,2
DA:503,36
DA:504,2
DA:505,2
DA:506,36
DA:507,10
DA:508,10
DA:509,22
DA:510,36
DA:511,2
DA:512,2
DA:513,2
DA:514,2
DA:515,2
DA:516,2
DA:517,2
DA:518,2
DA:519,2
DA:520,2
DA:521,2
DA:522,2
DA:523,2
DA:524,2
DA:525,2
DA:526,2
DA:527,2
DA:528,2
DA:529,2
DA:530,2
DA:531,2
DA:532,2
DA:533,2
DA:534,2
DA:535,0
[...]
DA:100,1
DA:101,1
DA:102,1
DA:103,1
DA:104,1
DA:105,0
DA:106,0
DA:107,1
DA:108,1
DA:109,1
DA:110,1
DA:111,21
DA:112,1
DA:113,1
DA:114,1
DA:115,1
DA:116,1
DA:117,1
DA:118,1
DA:119,1
DA:120,1
DA:121,1
DA:122,1
DA:123,1
DA:124,1
DA:125,1
DA:126,1
DA:127,1
DA:128,1
DA:129,1
DA:130,1
DA:131,1
DA:132,1
DA:133,1
DA:134,1
DA:135,1
DA:136,1
DA:137,1
DA:138,1
DA:139,1
DA:140,1
DA:141,1
DA:142,1
DA:143,1
DA:144,1
DA:145,1
DA:146,1
DA:147,1
DA:148,1
DA:149,1
DA:150,1
DA:151,1
DA:152,1
DA:153,1
DA:154,1
DA:155,1
DA:156,1
DA:157,1
DA:158,1
DA:159,1
DA:160,1
DA:161,1
DA:162,1
DA:163,1
DA:164,1
DA:165,1
DA:166,1
DA:167,1
DA:168,1
DA:169,1
DA:170,1
DA:171,1
DA:172,1
DA:173,1
DA:174,1
DA:175,1
DA:176,1
DA:177,1
DA:178,1
DA:179,1
DA:180,1
DA:181,1
DA:182,1
DA:183,1
DA:184,1
DA:185,1
DA:186,1
DA:187,1
DA:188,1
DA:189,1
DA:190,1
DA:191,1
DA:192,1
DA:193,1
DA:194,1
DA:195,1
DA:196,1
DA:197,1
DA:198,1
DA:199,1
DA:200,1
DA:201,1
DA:202,1
DA:203,1
DA:204,1
DA:205,1
DA:206,1
DA:207,1
DA:208,1
DA:209,1
DA:210,1
DA:211,1
DA:212,1
DA:213,1
DA:214,1
DA:215,1
DA:216,1
DA:217,1
DA:218,1
DA:219,1
DA:220,1
DA:221,1
DA:222,1
DA:223,1
DA:224,1
DA:225,1
DA:226,1
DA:227,1
DA:228,1
DA:229,1
DA:230,1
DA:231,1
DA:232,1
DA:233,1
DA:234,1
DA:235,1
DA:236,1
DA:237,1
DA:238,1
DA:239,1
DA:240,1
DA:241,1
DA:242,1
DA:243,1
DA:244,1
DA:245,1
DA:246,1
DA:247,1
DA:248,1
DA:249,1
DA:250,1
DA:251,1
DA:252,1
DA:253,1
DA:254,1
DA:255,1
DA:256,1
DA:257,1
DA:258,1
DA:259,1
DA:260,1
DA:261,1
DA:262,1
DA:263,1
DA:264,1
DA:265,1
DA:266,1
DA:267,1
DA:268,1
DA:269,1
DA:270,1
DA:271,1
DA:272,1
DA:273,1
DA:274,1
DA:275,1
DA:276,1
DA:277,1
DA:278,1
DA:279,1
DA:280,1
DA:281,1
DA:282,1
DA:283,1
DA:284,1
DA:285,1
DA:286,1
DA:287,1
DA:288,1
DA:289,1
DA:290,1
DA:291,1
DA:292,1
DA:293,1
DA:294,1
DA:295,1
DA:296,1
DA:297,1
DA:298,1
DA:299,1
DA:300,1
DA:301,1
DA:302,1
DA:303,1
DA:304,1
DA:305,1
DA:306,1
DA:307,1
DA:308,1
DA:309,1
DA:310,1
DA:311,1
DA:312,1
DA:313,1
DA:314,1
DA:315,1
DA:316,1
DA:317,1
DA:318,1
DA:319,1
DA:320,1
DA:321,1
DA:322,1
DA:323,1
DA:324,1
DA:325,1
DA:326,1
DA:327,1
DA:328,1
DA:329,1
DA:330,1
DA:331,1
DA:332,1
DA:333,1
DA:334,1
DA:335,1
DA:336,1
DA:337,1
DA:338,1
DA:339,1
DA:340,1
DA:341,1
DA:342,1
DA:343,1
DA:344,1
DA:345,1
DA:346,1
DA:347,1
DA:348,1
DA:349,1
DA:350,1
DA:351,1
DA:352,1
DA:353,1
DA:354,1
DA:355,1
DA:356,1
DA:357,1
DA:358,1
DA:359,1
DA:360,1
DA:361,1
DA:362,1
DA:363,1
DA:364,1
DA:365,1
DA:366,1
DA:367,1
DA:368,1
DA:369,1
DA:370,1
DA:371,1
DA:372,1
DA:373,1
DA:374,1
DA:375,1
DA:376,1
DA:377,1
DA:378,1
DA:379,1
DA:380,1
DA:381,1
DA:382,1
DA:383,1
DA:384,1
DA:385,1
DA:386,1
DA:387,1
DA:388,1
DA:389,1
DA:390,1
DA:391,1
DA:392,1
DA:393,1
DA:394,1
DA:395,1
DA:396,1
DA:397,1
DA:398,1
DA:399,1
DA:400,1
DA:401,1
DA:402,1
DA:403,1
DA:404,1
DA:405,1
DA:406,1
DA:407,1
DA:408,1
DA:409,1
DA:410,1
DA:411,1
DA:412,1
DA:413,1
DA:414,1
DA:415,1
DA:416,1
DA:417,1
DA:418,1
DA:419,1
DA:420,1
DA:421,1
DA:422,1
DA:423,1
DA:424,1
DA:425,1
DA:426,1
DA:427,1
DA:428,1
DA:429,1
DA:430,1
DA:431,1
DA:432,1
DA:433,1
DA:434,1
DA:435,1
DA:436,1
DA:437,1
DA:438,1
DA:439,1
DA:440,1
DA:441,1
DA:442,1
DA:443,1
DA:444,1
DA:445,1
DA:446,1
DA:447,1
DA:448,1
DA:449,1
DA:450,1
DA:451,1
DA:452,1
DA:453,1
DA:454,1
DA:455,1
DA:456,1
DA:457,1
DA:458,1
DA:459,1
DA:460,1
DA:461,1
DA:462,1
DA:463,1
DA:464,1
DA:465,1
DA:466,1
DA:467,1
DA:468,1
DA:469,1
DA:470,1
DA:471,1
DA:472,1
DA:473,1
DA:474,1
DA:475,1
DA:476,1
DA:477,1
DA:478,1
DA:479,1
DA:480,1
DA:481,1
DA:482,1
DA:483,1
DA:484,1
DA:485,1
DA:486,1
DA:487,1
DA:488,1
DA:489,1
DA:490,1
DA:491,1
DA:492,1
DA:493,1
DA:494,1
DA:495,1
DA:496,1
DA:497,1
DA:498,1
DA:499,1
DA:500,1
DA:501,1
DA:502,1
DA:503,1
DA:504,1
DA:505,1
DA:506,1
DA:507,1
DA:508,1
DA:509,1
DA:510,1
DA:511,1
DA:512,1
DA:513,1
DA:514,1
DA:515,1
DA:516,1
DA:517,1
DA:518,1
DA:519,1
DA:520,1
DA:521,1
DA:522,1
DA:523,1
DA:524,1
DA:525,1
DA:526,1
DA:527,1
DA:528,1
DA:529,1
DA:530,1
DA:531,1
DA:532,1
DA:533,1
DA:534,1
DA:535,1
DA:536,1
DA:537,1
DA:538,1
DA:539,1
DA:540,1
DA:541,1
DA:542,1
DA:543,1
DA:544,1
DA:545,1
DA:546,1
DA:547,1
DA:548,1
DA:549,1
DA:550,1
DA:551,1
DA:552,1
DA:553,1
DA:554,1
DA:555,1
DA:556,1
DA:557,1
DA:558,1
DA:559,1
DA:560,1
DA:561,1
DA:562,1
DA:563,1
DA:564,1
DA:565,1
DA:566,1
DA:567,1
DA:568,1
DA:569,1
DA:570,1
DA:571,1
DA:572,1
DA:573,1
DA:574,1
DA:575,1
DA:576,1
DA:577,1
DA:578,1
DA:579,1
DA:580,1
DA:581,1
DA:582,1
DA:583,1
DA:584,1
DA:585,1
DA:586,1
DA:587,1
DA:588,1
DA:589,1
DA:590,1
DA:591,1
DA:592,1
DA:593,1
DA:594,1
DA:595,1
DA:596,1
DA:597,1
DA:598,1
DA:599,1
DA:600,1
DA:601,1
DA:602,1
DA:603,1
DA:604,1
DA:605,1
DA:606,1
DA:607,1
DA:608,1
DA:609,1
DA:610,1
DA:611,1
DA:612,1
DA:613,1
DA:614,1
DA:615,1
DA:616,1
DA:617,1
DA:618,1
DA:619,1
DA:620,1
DA:621,1
DA:622,1
DA:623,1
DA:624,1
DA:625,1
DA:626,1
DA:627,1
DA:628,1
DA:629,1
DA:630,1
DA:631,1
DA:632,1
DA:633,1
DA:634,1
DA:635,1
DA:636,1
DA:637,1
DA:638,1
DA:639,1
DA:640,1
DA:641,1
DA:642,1
DA:643,1
DA:644,1
DA:645,1
DA:646,1
DA:647,1
DA:648,1
DA:649,1
DA:650,1
DA:651,1
DA:652,1
DA:653,1
DA:654,1
DA:655,1
DA:656,1
DA:657,1
DA:658,1
LF:658
LH:654
BRDA:14,0,0,1
BRDA:18,1,0,3
BRDA:41,2,0,1
BRDA:43,3,0,1
BRDA:49,4,0,1
BRDA:51,5,0,1
BRDA:57,6,0,1
BRDA:59,7,0,1
BRDA:66,8,0,1
BRDA:73,9,0,1
BRDA:84,10,0,2
BRDA:85,11,0,3
BRDA:91,12,0,2
BRDA:100,13,0,1
BRDA:104,14,0,0
BRDA:103,15,0,1
BRDA:110,16,0,21
BRDA:114,17,0,1
BRDA:115,18,0,1
BRDA:116,19,0,1
BRDA:120,20,0,1
BRDA:121,21,0,1
BRDA:129,22,0,1
BRDA:130,23,0,1
BRDA:134,24,0,1
BRDA:135,25,0,1
BRDA:143,26,0,1
BRDA:144,27,0,1
BRDA:145,28,0,1
BRDA:149,29,0,1
BRDA:150,30,0,1
BRDA:159,31,0,1
BRDA:176,32,0,1
BRDA:180,33,0,1
BRDA:181,34,0,1
BRDA:196,35,0,1
BRDA:210,36,0,1
BRDA:214,37,0,1
BRDA:215,38,0,1
BRDA:227,39,0,1
BRDA:232,40,0,1
BRDA:236,41,0,1
BRDA:237,42,0,1
BRDA:248,43,0,1
BRDA:257,44,0,1
BRDA:261,45,0,1
BRDA:262,46,0,1
BRDA:273,47,0,1
BRDA:279,48,0,1
BRDA:283,49,0,1
BRDA:284,50,0,1
BRDA:296,51,0,1
BRDA:305,52,0,1
BRDA:309,53,0,1
BRDA:310,54,0,1
BRDA:325,55,0,1
BRDA:331,56,0,1
BRDA:335,57,0,1
BRDA:336,58,0,1
BRDA:347,59,0,1
BRDA:361,60,0,1
BRDA:365,61,0,1
BRDA:366,62,0,1
BRDA:384,63,0,1
BRDA:385,64,0,1
BRDA:386,65,0,1
BRDA:390,66,0,1
BRDA:391,67,0,1
BRDA:399,68,0,1
BRDA:415,69,0,1
BRDA:419,70,0,1
BRDA:420,71,0,1
BRDA:434,72,0,1
BRDA:449,73,0,1
BRDA:453,74,0,1
BRDA:454,75,0,1
BRDA:466,76,0,1
BRDA:481,77,0,1
BRDA:485,78,0,1
BRDA:486,79,0,1
BRDA:499,80,0,1
BRDA:511,81,0,1
BRDA:515,82,0,1
BRDA:516,83,0,1
BRDA:529,84,0,1
BRDA:530,85,0,1
BRDA:545,86,0,1
BRDA:549,87,0,1
BRDA:550,88,0,1
BRDA:562,89,0,1
BRDA:576,90,0,1
BRDA:580,91,0,1
BRDA:581,92,0,1
BRDA:593,93,0,1
BRDA:607,94,0,1
BRDA:611,95,0,1
BRDA:612,96,0,1
BRDA:625,97,0,1
BRDA:626,98,0,1
BRDA:627,99,0,1
BRDA:631,100,0,1
BRDA:632,101,0,1
BRDA:641,102,0,1
BRDA:647,103,0,1
BRF:104
BRH:103
end_of_record
TN:
SF:src/test/suite/statusBar.test.ts
FN:55,get
FN:71,get
FN:90,get
FN:109,get
FN:131,get
FN:145,get
FN:169,get
FN:193,get
FNF:8
FNH:7
FNDA:2,get
FNDA:4,get
FNDA:4,get
FNDA:4,get
FNDA:0,get
FNDA:4,get
FNDA:2,get
FNDA:2,get
DA:1,2
DA:2,2
DA:3,2
DA:4,2
DA:5,2
DA:6,2
DA:7,2
DA:8,2
DA:9,2
DA:10,2
DA:11,2
DA:12,2
DA:13,2
DA:14,2
DA:15,2
DA:16,16
DA:17,16
DA:18,16
DA:19,16
DA:20,16
DA:21,1
DA:22,1
DA:23,16
DA:24,16
DA:25,16
DA:26,16
DA:27,16
DA:28,16
DA:29,16
DA:30,16
DA:31,16
DA:32,2
DA:33,2
DA:34,2
DA:35,16
DA:36,16
DA:37,42
DA:38,42
DA:39,42
DA:40,0
DA:41,0
DA:42,16
DA:43,16
DA:44,16
DA:45,16
DA:46,16
DA:47,16
DA:48,16
DA:49,0
DA:50,0
DA:51,2
DA:52,2
DA:53,2
DA:54,2
DA:55,2
DA:56,2
DA:57,2
DA:58,2
DA:59,0
DA:60,2
DA:61,2
DA:62,2
DA:63,2
DA:64,2
DA:65,2
DA:66,2
DA:67,2
DA:68,2
DA:69,2
DA:70,2
DA:71,2
DA:72,4
DA:73,4
DA:74,4
DA:75,0
DA:76,4
DA:77,2
DA:78,2
DA:79,2
DA:80,2
DA:81,2
DA:82,2
DA:83,2
DA:84,2
DA:85,2
DA:86,2
DA:87,2
DA:88,2
DA:89,2
DA:90,2
DA:91,4
DA:92,4
DA:93,4
DA:94,0
DA:95,4
DA:96,2
DA:97,2
DA:98,2
DA:99,2
DA:100,2
DA:101,2
DA:102,2
DA:103,2
DA:104,2
DA:105,2
DA:106,2
DA:107,2
DA:108,2
DA:109,2
DA:110,4
DA:111,4
DA:112,4
DA:113,0
DA:114,4
DA:115,2
DA:116,2
DA:117,2
DA:118,2
DA:119,2
DA:120,2
DA:121,2
DA:122,2
DA:123,2
DA:124,2
DA:125,2
DA:126,2
DA:127,2
DA:128,2
DA:129,2
DA:130,2
DA:131,2
DA:132,0
DA:133,0
DA:134,2
DA:135,2
DA:136,2
DA:137,2
DA:138,2
DA:139,2
DA:140,2
DA:141,2
DA:142,2
DA:143,2
DA:144,2
DA:145,2
DA:146,4
DA:147,4
DA:148,4
DA:149,0
DA:150,4
DA:151,2
DA:152,2
DA:153,2
DA:154,2
DA:155,2
DA:156,2
DA:157,2
DA:158,2
DA:159,2
DA:160,2
DA:161,2
DA:162,2
DA:163,2
DA:164,2
DA:165,2
DA:166,2
DA:167,2
DA:168,2
DA:169,2
DA:170,2
DA:171,2
DA:172,2
DA:173,0
DA:174,2
DA:175,2
DA:176,2
DA:177,2
DA:178,2
DA:179,2
DA:180,2
DA:181,2
DA:182,2
DA:183,2
DA:184,2
DA:185,2
DA:186,2
DA:187,2
DA:188,2
DA:189,2
DA:190,2
DA:191,2
DA:192,2
DA:193,2
DA:194,2
DA:195,2
DA:196,2
DA:197,0
DA:198,2
DA:199,2
DA:200,2
DA:201,2
DA:202,2
DA:203,2
DA:204,2
DA:205,2
DA:206,2
DA:207,2
DA:208,2
DA:209,2
DA:210,2
DA:211,2
DA:212,2
LF:212
LH:199
BRDA:11,0,0,2
BRDA:15,1,0,16
BRDA:20,2,0,1
BRDA:28,3,0,0
BRDA:34,4,0,16
BRDA:48,5,0,0
BRDA:36,6,0,42
BRDA:39,7,0,0
BRDA:53,8,0,2
BRDA:55,9,0,2
BRDA:58,10,0,0
BRDA:64,11,0,2
BRDA:69,12,0,2
BRDA:71,13,0,4
BRDA:74,14,0,0
BRDA:83,15,0,2
BRDA:88,16,0,2
BRDA:90,17,0,4
BRDA:93,18,0,0
BRDA:102,19,0,2
BRDA:107,20,0,2
BRDA:109,21,0,4
BRDA:112,22,0,0
BRDA:121,23,0,2
BRDA:126,24,0,2
BRDA:138,25,0,2
BRDA:143,26,0,2
BRDA:145,27,0,4
BRDA:148,28,0,0
BRDA:157,29,0,2
BRDA:162,30,0,2
BRDA:167,31,0,2
BRDA:169,32,0,2
BRDA:172,33,0,0
BRDA:181,34,0,2
BRDA:186,35,0,2
BRDA:191,36,0,2
BRDA:193,37,0,2
BRDA:196,38,0,0
BRDA:208,39,0,2
BRF:40
BRH:30
end_of_record
TN:
SF:src/test/suite/taskManager.test.ts
FN:54,get
FN:57,update
FN:58,keys
FN:234,createMockContext
FN:239,get
FN:240,update
FN:241,keys
FN:249,get
FN:250,update
FN:251,keys
FN:252,setKeysForSync
FN:258,asAbsolutePath
FNF:12
FNH:4
FNDA:1,get
FNDA:0,update
FNDA:0,keys
FNDA:1,createMockContext
FNDA:85,get
FNDA:58,update
FNDA:0,keys
FNDA:0,get
FNDA:0,update
FNDA:0,keys
FNDA:0,setKeysForSync
FNDA:0,asAbsolutePath
DA:1,1
DA:2,1
DA:3,1
DA:4,1
DA:5,1
DA:6,1
DA:7,1
DA:8,1
DA:9,1
DA:10,1
DA:11,1
DA:12,1
DA:13,1
DA:14,1
DA:15,1
DA:16,1
DA:17,1
DA:18,1
DA:19,1
DA:20,1
DA:21,1
DA:22,1
DA:23,1
DA:24,1
DA:25,21
DA:26,21
DA:27,21
DA:28,21
DA:29,10
DA:30,10
DA:31,1
DA:32,1
DA:33,1
DA:34,1
DA:35,1
DA:36,1
DA:37,1
DA:38,1
DA:39,1
DA:40,1
DA:41,1
DA:42,1
DA:43,1
DA:44,1
DA:45,1
DA:46,1
DA:47,1
DA:48,1
DA:49,1
DA:50,1
DA:51,1
DA:52,1
DA:53,1
DA:54,1
DA:55,1
DA:56,1
DA:57,1
DA:58,1
DA:59,1
DA:60,1
DA:61,1
DA:62,1
DA:63,1
DA:64,1
DA:65,1
DA:66,1
DA:67,1
DA:68,1
DA:69,1
DA:70,1
DA:71,1
DA:72,1
DA:73,1
DA:74,1
DA:75,1
DA:76,1
DA:77,1
DA:78,1
DA:79,1
DA:80,1
DA:81,1
DA:82,1
DA:83,1
DA:84,1
DA:85,1
DA:86,1
DA:87,1
DA:88,1
DA:89,1
DA:90,1
DA:91,1
DA:92,1
DA:93,1
DA:94,1
DA:95,1
DA:96,1
DA:97,1
DA:98,1
DA:99,1
DA:100,1
DA:101,1
DA:102,1
DA:103,1
DA:104,1
DA:105,1
DA:106,1
DA:107,1
DA:108,1
DA:109,1
DA:110,1
DA:111,1
DA:112,1
DA:113,1
DA:114,1
DA:115,1
DA:116,1
DA:117,1
DA:118,1
DA:119,1
DA:120,1
DA:121,1
DA:122,1
DA:123,1
DA:124,1
DA:125,1
DA:126,1
DA:127,1
DA:128,1
DA:129,1
DA:130,1
DA:131,1
DA:132,1
DA:133,1
DA:134,1
DA:135,1
DA:136,1
DA:137,1
DA:138,1
DA:139,1
DA:140,1
DA:141,1
DA:142,1
DA:143,1
DA:144,1
DA:145,1
DA:146,1
DA:147,1
DA:148,1
DA:149,1
DA:150,1
DA:151,1
DA:152,1
DA:153,1
DA:154,1
DA:155,1
DA:156,1
DA:157,1
DA:158,1
DA:159,1
DA:160,1
DA:161,1
DA:162,1
DA:163,1
DA:164,1
DA:165,1
DA:166,1
DA:167,1
DA:168,1
DA:169,1
DA:170,1
DA:171,1
DA:172,1
DA:173,1
DA:174,1
DA:175,1
DA:176,1
DA:177,1
DA:178,1
DA:179,1
DA:180,1
DA:181,1
DA:182,1
DA:183,1
DA:184,1
DA:185,1
DA:186,1
DA:187,1
DA:188,1
DA:189,1
DA:190,1
DA:191,1
DA:192,1
DA:193,1
DA:194,1
DA:195,1
DA:196,1
DA:197,1
DA:198,1
DA:199,1
DA:200,1
DA:201,1
DA:202,1
DA:203,1
DA:204,1
DA:205,1
DA:206,1
DA:207,1
DA:208,1
DA:209,1
DA:210,1
DA:211,1
DA:212,1
DA:213,1
DA:214,1
DA:215,1
DA:216,1
DA:217,1
DA:218,1
DA:219,1
DA:220,1
DA:221,1
DA:222,1
DA:223,1
DA:224,1
DA:225,1
DA:226,1
DA:227,1
DA:228,1
DA:229,1
DA:230,1
DA:231,1
DA:232,1
DA:233,1
DA:234,1
DA:235,1
DA:236,1
DA:237,1
DA:238,1
DA:239,1
DA:240,1
DA:241,1
DA:242,1
DA:243,1
DA:244,1
DA:245,1
DA:246,1
DA:247,1
DA:248,1
DA:249,1
DA:250,1
DA:251,1
DA:252,1
DA:253,1
DA:254,1
DA:255,1
DA:256,1
DA:257,1
DA:258,1
DA:259,1
DA:260,1
DA:261,1
DA:262,1
DA:263,1
DA:264,1
DA:265,1
LF:265
LH:265
BRDA:12,0,0,1
BRDA:16,1,0,1
BRDA:21,2,0,0
BRDA:24,3,0,21
BRDA:28,4,0,10
BRDA:33,5,0,1
BRDA:34,6,0,1
BRDA:40,7,0,1
BRDA:49,8,0,1
BRDA:54,9,0,1
BRDA:67,10,0,1
BRDA:78,11,0,1
BRDA:79,12,0,1
BRDA:91,13,0,1
BRDA:98,14,0,1
BRDA:100,15,0,1
BRDA:105,16,0,1
BRDA:107,17,0,1
BRDA:112,18,0,1
BRDA:115,19,0,1
BRDA:120,20,0,1
BRDA:126,21,0,1
BRDA:129,22,0,1
BRDA:134,23,0,1
BRDA:139,24,0,1
BRDA:142,25,0,1
BRDA:148,26,0,1
BRDA:149,27,0,1
BRDA:150,28,0,0
BRDA:155,29,0,1
BRDA:156,30,0,1
BRDA:161,31,0,1
BRDA:165,32,0,1
BRDA:170,33,0,1
BRDA:175,34,0,1
BRDA:181,35,0,1
BRDA:182,36,0,1
BRDA:190,37,0,1
BRDA:193,38,0,1
BRDA:203,39,0,1
BRDA:209,40,0,1
BRDA:210,41,0,1
BRDA:212,42,0,1
BRDA:214,43,0,1
BRDA:224,44,0,2
BRDA:225,45,0,1
BRDA:226,46,0,2
BRDA:234,47,0,1
BRDA:239,48,0,85
BRDA:240,49,0,58
BRF:50
BRH:48
end_of_record
TN:
SF:src/test/suite/taskValidation.unit.test.ts
FNF:0
FNH:0
DA:1,1
DA:2,1
DA:3,1
DA:4,1
DA:5,1
DA:6,1
DA:7,1
DA:8,1
DA:9,1
DA:10,1
DA:11,1
DA:12,1
DA:13,1
DA:14,1
DA:15,1
DA:16,1
DA:17,1
DA:18,1
DA:19,1
DA:20,1
DA:21,1
DA:22,1
DA:23,1
DA:24,1
DA:25,1
DA:26,1
DA:27,1
DA:28,1
DA:29,1
DA:30,1
DA:31,1
DA:32,1
DA:33,1
DA:34,1
DA:35,1
DA:36,1
DA:37,1
DA:38,1
DA:39,1
DA:40,1
DA:41,1
DA:42,1
DA:43,1
DA:44,1
DA:45,1
DA:46,1
DA:47,1
DA:48,1
DA:49,1
DA:50,1
DA:51,1
DA:52,1
DA:53,1
DA:54,1
DA:55,1
DA:56,1
DA:57,1
DA:58,1
DA:59,1
DA:60,1
DA:61,1
DA:62,1
DA:63,1
DA:64,1
DA:65,1
DA:66,1
DA:67,1
DA:68,1
DA:69,1
DA:70,1
DA:71,1
DA:72,1
DA:73,1
DA:74,1
DA:75,1
DA:76,1
DA:77,1
DA:78,1
DA:79,1
DA:80,1
DA:81,1
DA:82,1
DA:83,1
DA:84,1
DA:85,1
DA:86,1
DA:87,1
DA:88,1
DA:89,1
DA:90,1
DA:91,1
DA:92,1
DA:93,1
DA:94,1
DA:95,1
DA:96,1
DA:97,1
DA:98,1
DA:99,1
DA:100,1
DA:101,1
DA:102,1
DA:103,1
DA:104,1
DA:105,1
DA:106,1
DA:107,1
DA:108,1
DA:109,1
DA:110,1
DA:111,1
DA:112,1
DA:113,1
DA:114,1
DA:115,1
DA:116,1
DA:117,1
DA:118,1
DA:119,1
DA:120,1
DA:121,1
DA:122,1
DA:123,1
DA:124,1
DA:125,1
DA:126,1
DA:127,1
DA:128,1
DA:129,1
DA:130,1
DA:131,1
DA:132,1
DA:133,1
DA:134,1
DA:135,1
DA:136,1
DA:137,1
DA:138,1
DA:139,1
DA:140,1
DA:141,1
DA:142,1
DA:143,1
DA:144,1
DA:145,1
DA:146,1
DA:147,1
DA:148,1
DA:149,1
DA:150,1
DA:151,1
DA:152,1
DA:153,1
DA:154,1
DA:155,1
DA:156,1
DA:157,1
DA:158,1
DA:159,1
DA:160,1
DA:161,1
DA:162,1
DA:163,1
DA:164,1
DA:165,1
DA:166,1
DA:167,1
DA:168,1
DA:169,1
DA:170,1
DA:171,1
DA:172,1
DA:173,1
DA:174,1
DA:175,1
DA:176,1
DA:177,1
DA:178,1
DA:179,1
DA:180,1
DA:181,1
DA:182,1
DA:183,1
DA:184,1
DA:185,1
DA:186,1
DA:187,1
DA:188,1
DA:189,1
DA:190,1
DA:191,1
DA:192,1
DA:193,1
DA:194,1
DA:195,1
DA:196,1
DA:197,1
DA:198,1
DA:199,1
DA:200,1
DA:201,1
DA:202,1
DA:203,1
DA:204,1
DA:205,1
DA:206,1
DA:207,1
DA:208,1
DA:209,1
DA:210,1
DA:211,1
DA:212,1
DA:213,1
DA:214,1
DA:215,1
DA:216,1
DA:217,1
DA:218,1
DA:219,1
DA:220,1
DA:221,1
DA:222,1
DA:223,1
DA:224,1
DA:225,1
DA:226,1
DA:227,1
DA:228,1
DA:229,1
DA:230,1
DA:231,1
DA:232,1
DA:233,1
DA:234,1
DA:235,1
DA:236,1
DA:237,1
DA:238,1
DA:239,1
DA:240,1
DA:241,1
DA:242,1
DA:243,1
DA:244,1
DA:245,1
DA:246,1
DA:247,1
DA:248,1
DA:249,1
DA:250,1
DA:251,1
DA:252,1
DA:253,1
DA:254,1
DA:255,1
DA:256,1
DA:257,1
DA:258,1
DA:259,1
DA:260,1
DA:261,1
DA:262,1
DA:263,1
DA:264,1
DA:265,1
DA:266,1
DA:267,1
DA:268,1
DA:269,1
DA:270,1
DA:271,1
DA:272,1
DA:273,1
DA:274,1
DA:275,1
DA:276,1
DA:277,1
DA:278,1
DA:279,1
DA:280,1
DA:281,1
DA:282,1
DA:283,1
DA:284,1
DA:285,1
DA:286,1
DA:287,1
DA:288,1
DA:289,1
DA:290,1
DA:291,1
DA:292,1
DA:293,1
DA:294,1
DA:295,1
DA:296,1
DA:297,1
DA:298,1
DA:299,1
DA:300,1
DA:301,1
DA:302,1
DA:303,1
DA:304,1
DA:305,1
DA:306,1
DA:307,1
DA:308,1
DA:309,1
DA:310,1
DA:311,1
DA:312,1
DA:313,1
DA:314,1
DA:315,1
DA:316,1
DA:317,1
DA:318,1
DA:319,1
DA:320,1
DA:321,1
DA:322,1
DA:323,1
DA:324,1
DA:325,1
DA:326,1
DA:327,1
DA:328,1
DA:329,1
DA:330,1
DA:331,1
DA:332,1
DA:333,1
DA:334,1
DA:335,1
DA:336,1
DA:337,1
DA:338,1
DA:339,1
DA:340,1
DA:341,1
DA:342,1
LF:342
LH:342
BRDA:16,0,0,1
BRDA:18,1,0,1
BRDA:19,2,0,1
BRDA:25,3,0,1
BRDA:31,4,0,1
BRDA:37,5,0,1
BRDA:43,6,0,1
BRDA:49,7,0,1
BRDA:54,8,0,1
BRDA:61,9,0,1
BRDA:67,10,0,1
BRDA:72,11,0,1
BRDA:78,12,0,1
BRDA:79,13,0,1
BRDA:85,14,0,1
BRDA:90,15,0,1
BRDA:95,16,0,1
BRDA:100,17,0,1
BRDA:105,18,0,1
BRDA:112,19,0,1
BRDA:118,20,0,1
BRDA:123,21,0,1
BRDA:128,22,0,1
BRDA:134,23,0,1
BRDA:135,24,0,1
BRDA:140,25,0,1
BRDA:145,26,0,1
BRDA:150,27,0,1
BRDA:155,28,0,1
BRDA:160,29,0,1
BRDA:165,30,0,1
BRDA:170,31,0,1
BRDA:175,32,0,1
BRDA:180,33,0,1
BRDA:185,34,0,1
BRDA:190,35,0,1
BRDA:195,36,0,1
BRDA:201,37,0,1
BRDA:207,38,0,1
BRDA:208,39,0,1
BRDA:213,40,0,1
BRDA:218,41,0,1
BRDA:223,42,0,1
BRDA:229,43,0,1
BRDA:236,44,0,1
BRDA:243,45,0,1
BRDA:249,46,0,1
BRDA:254,47,0,1
BRDA:259,48,0,1
BRDA:265,49,0,1
BRDA:272,50,0,1
BRDA:279,51,0,1
BRDA:280,52,0,1
BRDA:285,53,0,1
BRDA:290,54,0,1
BRDA:295,55,0,1
BRDA:300,56,0,1
BRDA:305,57,0,1
BRDA:310,58,0,1
BRDA:315,59,0,1
BRDA:320,60,0,1
BRDA:325,61,0,1
BRDA:330,62,0,1
BRDA:335,63,0,1
BRF:64
BRH:64
end_of_record
TN:
SF:src/test/suite/timeFormatting.unit.test.ts
FNF:0
FNH:0
DA:1,1
DA:2,1
DA:3,1
DA:4,1
DA:5,1
DA:6,1
DA:7,1
DA:8,1
DA:9,1
DA:10,1
DA:11,1
DA:12,1
DA:13,1
DA:14,1
DA:15,1
DA:16,1
DA:17,1
DA:18,1
DA:19,1
DA:20,1
DA:21,1
DA:22,1
DA:23,1
DA:24,1
DA:25,1
DA:26,1
DA:27,1
DA:28,1
DA:29,1
DA:30,1
DA:31,1
DA:32,1
DA:33,1
DA:34,1
DA:35,1
DA:36,1
DA:37,1
DA:38,1
DA:39,1
DA:40,1
DA:41,1
DA:42,1
DA:43,1
DA:44,1
DA:45,1
DA:46,1
DA:47,1
DA:48,1
DA:49,1
DA:50,1
DA:51,1
DA:52,1
DA:53,1
DA:54,1
DA:55,1
DA:56,1
DA:57,1
DA:58,1
DA:59,1
DA:60,1
DA:61,1
DA:62,1
DA:63,1
DA:64,1
DA:65,1
DA:66,1
DA:67,1
DA:68,1
DA:69,1
DA:70,1
DA:71,1
DA:72,1
DA:73,1
DA:74,1
DA:75,1
DA:76,1
DA:77,1
DA:78,1
DA:79,1
DA:80,1
DA:81,1
DA:82,1
DA:83,1
DA:84,1
DA:85,1
DA:86,1
DA:87,1
DA:88,1
DA:89,1
DA:90,1
DA:91,1
DA:92,1
DA:93,1
DA:94,1
DA:95,1
DA:96,1
DA:97,1
DA:98,1
DA:99,1
DA:100,1
DA:101,1
DA:102,1
DA:103,1
DA:104,1
DA:105,1
DA:106,1
DA:107,1
DA:108,1
DA:109,1
DA:110,1
DA:111,1
DA:112,1
DA:113,1
DA:114,1
DA:115,1
DA:116,1
DA:117,1
DA:118,1
DA:119,1
DA:120,1
DA:121,1
DA:122,1
DA:123,1
DA:124,1
DA:125,1
DA:126,1
DA:127,1
DA:128,1
DA:129,1
DA:130,1
DA:131,1
DA:132,1
DA:133,1
DA:134,1
DA:135,1
DA:136,1
DA:137,1
DA:138,1
DA:139,1
DA:140,1
DA:141,1
DA:142,1
DA:143,1
DA:144,1
DA:145,1
DA:146,1
DA:147,1
DA:148,1
DA:149,1
DA:150,1
DA:151,1
DA:152,1
DA:153,1
DA:154,1
DA:155,1
DA:156,1
DA:157,1
DA:158,1
DA:159,1
DA:160,1
DA:161,1
DA:162,1
DA:163,1
DA:164,1
DA:165,1
DA:166,1
DA:167,1
DA:168,1
DA:169,1
DA:170,1
DA:171,1
DA:172,1
DA:173,1
DA:174,1
DA:175,1
DA:176,1
DA:177,1
DA:178,1
DA:179,1
DA:180,1
DA:181,1
DA:182,1
DA:183,1
DA:184,1
DA:185,1
DA:186,1
DA:187,1
DA:188,1
DA:189,1
DA:190,1
DA:191,1
DA:192,1
DA:193,1
DA:194,1
DA:195,1
DA:196,1
DA:197,1
DA:198,1
DA:199,1
DA:200,1
DA:201,1
DA:202,1
DA:203,1
DA:204,1
DA:205,1
DA:206,1
DA:207,1
DA:208,1
DA:209,1
DA:210,1
DA:211,1
DA:212,1
DA:213,1
DA:214,1
DA:215,1
DA:216,1
DA:217,1
DA:218,1
DA:219,1
DA:220,1
DA:221,1
DA:222,1
DA:223,1
DA:224,1
DA:225,1
DA:226,1
DA:227,1
DA:228,1
DA:229,1
DA:230,1
DA:231,1
DA:232,1
DA:233,1
DA:234,1
DA:235,1
DA:236,1
DA:237,1
DA:238,1
DA:239,1
DA:240,1
DA:241,1
DA:242,1
DA:243,1
DA:244,1
DA:245,1
DA:246,1
LF:246
LH:246
BRDA:11,0,0,1
BRDA:13,1,0,1
BRDA:15,2,0,1
BRDA:16,3,0,1
BRDA:21,4,0,1
BRDA:26,5,0,1
BRDA:32,6,0,1
BRDA:33,7,0,1
BRDA:38,8,0,1
BRDA:43,9,0,1
BRDA:48,10,0,1
BRDA:53,11,0,1
BRDA:58,12,0,1
BRDA:64,13,0,1
BRDA:65,14,0,1
BRDA:70,15,0,1
BRDA:75,16,0,1
BRDA:80,17,0,1
BRDA:85,18,0,1
BRDA:90,19,0,1
BRDA:95,20,0,1
BRDA:100,21,0,1
BRDA:105,22,0,1
BRDA:111,23,0,1
BRDA:112,24,0,1
BRDA:117,25,0,1
BRDA:122,26,0,1
BRDA:127,27,0,1
BRDA:132,28,0,1
BRDA:137,29,0,1
BRDA:142,30,0,1
BRDA:147,31,0,1
BRDA:152,32,0,1
BRDA:157,33,0,1
BRDA:162,34,0,1
BRDA:168,35,0,1
BRDA:169,36,0,1
BRDA:176,37,0,1
BRDA:183,38,0,1
BRDA:188,39,0,1
BRDA:195,40,0,1
BRDA:204,41,0,1
BRDA:205,42,0,1
BRDA:210,43,0,1
BRDA:215,44,0,1
BRDA:220,45,0,1
BRDA:225,46,0,1
BRDA:230,47,0,1
BRDA:235,48,0,1
BRDA:240,49,0,1
BRF:50
BRH:50
end_of_record
